# JRE version: Java(TM) SE Runtime Environment (8.0_66-b17) (build 1.8.0_66-b17)
# Java VM: Java HotSpot(TM) 64-Bit Server VM (25.66-b17 mixed mode linux-amd64 compressed oops)
Heap:
 PSYoungGen      total 206848K, used 72568K [0x00000000ebb00000, 0x0000000100000000, 0x0000000100000000)
  eden space 96256K, 0% used [0x00000000ebb00000,0x00000000ebb00000,0x00000000f1900000)
  from space 110592K, 65% used [0x00000000f1900000,0x00000000f5fde238,0x00000000f8500000)
  to   space 110592K, 0% used [0x00000000f9400000,0x00000000f9400000,0x0000000100000000)
 ParOldGen       total 222720K, used 222307K [0x00000000c3000000, 0x00000000d0980000, 0x00000000ebb00000)
  object space 222720K, 99% used [0x00000000c3000000,0x00000000d0918fc0,0x00000000d0980000)
 Metaspace       used 17284K, capacity 17450K, committed 17792K, reserved 1064960K
  class space    used 2025K, capacity 2051K, committed 2176K, reserved 1048576K
GC Heap History (10 events):
Event: 10,264 GC heap after
Heap after GC invocations=12 (full 2):
 PSYoungGen      total 154112K, used 77824K [0x00000000ebb00000, 0x00000000fd980000, 0x0000000100000000)
  eden space 76288K, 0% used [0x00000000ebb00000,0x00000000ebb00000,0x00000000f0580000)
  from space 77824K, 100% used [0x00000000f6480000,0x00000000fb080000,0x00000000fb080000)
  to   space 97280K, 0% used [0x00000000f0580000,0x00000000f0580000,0x00000000f6480000)
 ParOldGen       total 152064K, used 116415K [0x00000000c3000000, 0x00000000cc480000, 0x00000000ebb00000)
  object space 152064K, 76% used [0x00000000c3000000,0x00000000ca1afe20,0x00000000cc480000)
 Metaspace       used 17091K, capacity 17262K, committed 17408K, reserved 1064960K
  class space    used 2010K, capacity 2041K, committed 2048K, reserved 1048576K
}
Event: 10,635 GC heap before
{Heap before GC invocations=13 (full 2):
 PSYoungGen      total 154112K, used 154112K [0x00000000ebb00000, 0x00000000fd980000, 0x0000000100000000)
  eden space 76288K, 100% used [0x00000000ebb00000,0x00000000f0580000,0x00000000f0580000)
  from space 77824K, 100% used [0x00000000f6480000,0x00000000fb080000,0x00000000fb080000)
  to   space 97280K, 0% used [0x00000000f0580000,0x00000000f0580000,0x00000000f6480000)
 ParOldGen       total 152064K, used 116415K [0x00000000c3000000, 0x00000000cc480000, 0x00000000ebb00000)
  object space 152064K, 76% used [0x00000000c3000000,0x00000000ca1afe20,0x00000000cc480000)
 Metaspace       used 17278K, capacity 17450K, committed 17792K, reserved 1064960K
  class space    used 2025K, capacity 2051K, committed 2176K, reserved 1048576K
Event: 10,866 GC heap after
Heap after GC invocations=13 (full 2):
 PSYoungGen      total 173568K, used 93629K [0x00000000ebb00000, 0x00000000ff780000, 0x0000000100000000)
  eden space 76288K, 0% used [0x00000000ebb00000,0x00000000ebb00000,0x00000000f0580000)
  from space 97280K, 96% used [0x00000000f0580000,0x00000000f60ef6d0,0x00000000f6480000)
  to   space 110592K, 0% used [0x00000000f8b80000,0x00000000f8b80000,0x00000000ff780000)
 ParOldGen       total 152064K, used 138375K [0x00000000c3000000, 0x00000000cc480000, 0x00000000ebb00000)
  object space 152064K, 90% used [0x00000000c3000000,0x00000000cb721e20,0x00000000cc480000)
 Metaspace       used 17278K, capacity 17450K, committed 17792K, reserved 1064960K
  class space    used 2025K, capacity 2051K, committed 2176K, reserved 1048576K
}
Event: 10,866 GC heap before
{Heap before GC invocations=14 (full 3):
 PSYoungGen      total 173568K, used 93629K [0x00000000ebb00000, 0x00000000ff780000, 0x0000000100000000)
  eden space 76288K, 0% used [0x00000000ebb00000,0x00000000ebb00000,0x00000000f0580000)
  from space 97280K, 96% used [0x00000000f0580000,0x00000000f60ef6d0,0x00000000f6480000)
  to   space 110592K, 0% used [0x00000000f8b80000,0x00000000f8b80000,0x00000000ff780000)
 ParOldGen       total 152064K, used 138375K [0x00000000c3000000, 0x00000000cc480000, 0x00000000ebb00000)
  object space 152064K, 90% used [0x00000000c3000000,0x00000000cb721e20,0x00000000cc480000)
 Metaspace       used 17278K, capacity 17450K, committed 17792K, reserved 1064960K
  class space    used 2025K, capacity 2051K, committed 2176K, reserved 1048576K
Event: 12,047 GC heap after
Heap after GC invocations=14 (full 3):
 PSYoungGen      total 173568K, used 9570K [0x00000000ebb00000, 0x00000000ff780000, 0x0000000100000000)
  eden space 76288K, 0% used [0x00000000ebb00000,0x00000000ebb00000,0x00000000f0580000)
  from space 97280K, 9% used [0x00000000f0580000,0x00000000f0ed8880,0x00000000f6480000)
  to   space 110592K, 0% used [0x00000000f8b80000,0x00000000f8b80000,0x00000000ff780000)
 ParOldGen       total 222720K, used 150561K [0x00000000c3000000, 0x00000000d0980000, 0x00000000ebb00000)
  object space 222720K, 67% used [0x00000000c3000000,0x00000000cc308750,0x00000000d0980000)
 Metaspace       used 17278K, capacity 17450K, committed 17792K, reserved 1064960K
  class space    used 2025K, capacity 2051K, committed 2176K, reserved 1048576K
}
Event: 12,585 GC heap before
{Heap before GC invocations=15 (full 3):
 PSYoungGen      total 173568K, used 85858K [0x00000000ebb00000, 0x00000000ff780000, 0x0000000100000000)
  eden space 76288K, 100% used [0x00000000ebb00000,0x00000000f0580000,0x00000000f0580000)
  from space 97280K, 9% used [0x00000000f0580000,0x00000000f0ed8880,0x00000000f6480000)
  to   space 110592K, 0% used [0x00000000f8b80000,0x00000000f8b80000,0x00000000ff780000)
 ParOldGen       total 222720K, used 150561K [0x00000000c3000000, 0x00000000d0980000, 0x00000000ebb00000)
  object space 222720K, 67% used [0x00000000c3000000,0x00000000cc308750,0x00000000d0980000)
 Metaspace       used 17284K, capacity 17450K, committed 17792K, reserved 1064960K
  class space    used 2025K, capacity 2051K, committed 2176K, reserved 1048576K
Event: 12,737 GC heap after
Heap after GC invocations=15 (full 3):
 PSYoungGen      total 200192K, used 67325K [0x00000000ebb00000, 0x00000000ff100000, 0x0000000100000000)
  eden space 96256K, 0% used [0x00000000ebb00000,0x00000000ebb00000,0x00000000f1900000)
  from space 103936K, 64% used [0x00000000f8b80000,0x00000000fcd3f6d0,0x00000000ff100000)
  to   space 110592K, 0% used [0x00000000f1900000,0x00000000f1900000,0x00000000f8500000)
 ParOldGen       total 222720K, used 150561K [0x00000000c3000000, 0x00000000d0980000, 0x00000000ebb00000)
  object space 222720K, 67% used [0x00000000c3000000,0x00000000cc308750,0x00000000d0980000)
 Metaspace       used 17284K, capacity 17450K, committed 17792K, reserved 1064960K
  class space    used 2025K, capacity 2051K, committed 2176K, reserved 1048576K
}
Event: 12,995 GC heap before
{Heap before GC invocations=16 (full 3):
 PSYoungGen      total 200192K, used 163581K [0x00000000ebb00000, 0x00000000ff100000, 0x0000000100000000)
  eden space 96256K, 100% used [0x00000000ebb00000,0x00000000f1900000,0x00000000f1900000)
  from space 103936K, 64% used [0x00000000f8b80000,0x00000000fcd3f6d0,0x00000000ff100000)
  to   space 110592K, 0% used [0x00000000f1900000,0x00000000f1900000,0x00000000f8500000)
 ParOldGen       total 222720K, used 150561K [0x00000000c3000000, 0x00000000d0980000, 0x00000000ebb00000)
  object space 222720K, 67% used [0x00000000c3000000,0x00000000cc308750,0x00000000d0980000)
 Metaspace       used 17284K, capacity 17450K, committed 17792K, reserved 1064960K
  class space    used 2025K, capacity 2051K, committed 2176K, reserved 1048576K
Event: 13,233 GC heap after
Heap after GC invocations=16 (full 3):
 PSYoungGen      total 206848K, used 81408K [0x00000000ebb00000, 0x0000000100000000, 0x0000000100000000)
  eden space 96256K, 0% used [0x00000000ebb00000,0x00000000ebb00000,0x00000000f1900000)
  from space 110592K, 73% used [0x00000000f1900000,0x00000000f6880020,0x00000000f8500000)
  to   space 110592K, 0% used [0x00000000f9400000,0x00000000f9400000,0x0000000100000000)
 ParOldGen       total 222720K, used 213855K [0x00000000c3000000, 0x00000000d0980000, 0x00000000ebb00000)
  object space 222720K, 96% used [0x00000000c3000000,0x00000000d00d7e00,0x00000000d0980000)
 Metaspace       used 17284K, capacity 17450K, committed 17792K, reserved 1064960K
  class space    used 2025K, capacity 2051K, committed 2176K, reserved 1048576K
}
Event: 13,233 GC heap before
{Heap before GC invocations=17 (full 4):
 PSYoungGen      total 206848K, used 81408K [0x00000000ebb00000, 0x0000000100000000, 0x0000000100000000)
  eden space 96256K, 0% used [0x00000000ebb00000,0x00000000ebb00000,0x00000000f1900000)
  from space 110592K, 73% used [0x00000000f1900000,0x00000000f6880020,0x00000000f8500000)
  to   space 110592K, 0% used [0x00000000f9400000,0x00000000f9400000,0x0000000100000000)
 ParOldGen       total 222720K, used 213855K [0x00000000c3000000, 0x00000000d0980000, 0x00000000ebb00000)
  object space 222720K, 96% used [0x00000000c3000000,0x00000000d00d7e00,0x00000000d0980000)
 Metaspace       used 17284K, capacity 17450K, committed 17792K, reserved 1064960K
  class space    used 2025K, capacity 2051K, committed 2176K, reserved 1048576K

