# JRE version: Java(TM) SE Runtime Environment (8.0_66-b17) (build 1.8.0_66-b17)
# Java VM: Java HotSpot(TM) 64-Bit Server VM (25.66-b17 mixed mode linux-amd64 compressed oops)
Heap:
 PSYoungGen      total 217088K, used 0K [0x00000000ebb00000, 0x00000000fac00000, 0x0000000100000000)
  eden space 199680K, 0% used [0x00000000ebb00000,0x00000000ebb00000,0x00000000f7e00000)
  from space 17408K, 0% used [0x00000000f9b00000,0x00000000f9b00000,0x00000000fac00000)
  to   space 23552K, 0% used [0x00000000f7e00000,0x00000000f7e00000,0x00000000f9500000)
 ParOldGen       total 121344K, used 114312K [0x00000000c3000000, 0x00000000ca680000, 0x00000000ebb00000)
  object space 121344K, 94% used [0x00000000c3000000,0x00000000c9fa21b0,0x00000000ca680000)
 Metaspace       used 18023K, capacity 18246K, committed 18560K, reserved 1064960K
  class space    used 2048K, capacity 2093K, committed 2176K, reserved 1048576K
GC Heap History (10 events):
Event: 25,022 GC heap after
Heap after GC invocations=14 (full 1):
 PSYoungGen      total 141312K, used 13088K [0x00000000ebb00000, 0x00000000f8180000, 0x0000000100000000)
  eden space 122368K, 0% used [0x00000000ebb00000,0x00000000ebb00000,0x00000000f3280000)
  from space 18944K, 69% used [0x00000000f3280000,0x00000000f3f48020,0x00000000f4500000)
  to   space 19456K, 0% used [0x00000000f6e80000,0x00000000f6e80000,0x00000000f8180000)
 ParOldGen       total 73728K, used 58867K [0x00000000c3000000, 0x00000000c7800000, 0x00000000ebb00000)
  object space 73728K, 79% used [0x00000000c3000000,0x00000000c697cc88,0x00000000c7800000)
 Metaspace       used 18023K, capacity 18246K, committed 18560K, reserved 1064960K
  class space    used 2048K, capacity 2093K, committed 2176K, reserved 1048576K
}
Event: 28,643 GC heap before
{Heap before GC invocations=15 (full 1):
 PSYoungGen      total 141312K, used 135456K [0x00000000ebb00000, 0x00000000f8180000, 0x0000000100000000)
  eden space 122368K, 100% used [0x00000000ebb00000,0x00000000f3280000,0x00000000f3280000)
  from space 18944K, 69% used [0x00000000f3280000,0x00000000f3f48020,0x00000000f4500000)
  to   space 19456K, 0% used [0x00000000f6e80000,0x00000000f6e80000,0x00000000f8180000)
 ParOldGen       total 73728K, used 58867K [0x00000000c3000000, 0x00000000c7800000, 0x00000000ebb00000)
  object space 73728K, 79% used [0x00000000c3000000,0x00000000c697cc88,0x00000000c7800000)
 Metaspace       used 18023K, capacity 18246K, committed 18560K, reserved 1064960K
  class space    used 2048K, capacity 2093K, committed 2176K, reserved 1048576K
Event: 28,708 GC heap after
Heap after GC invocations=15 (full 1):
 PSYoungGen      total 178688K, used 11136K [0x00000000ebb00000, 0x00000000f7e80000, 0x0000000100000000)
  eden space 162304K, 0% used [0x00000000ebb00000,0x00000000ebb00000,0x00000000f5980000)
  from space 16384K, 67% used [0x00000000f6e80000,0x00000000f7960000,0x00000000f7e80000)
  to   space 18944K, 0% used [0x00000000f5980000,0x00000000f5980000,0x00000000f6c00000)
 ParOldGen       total 73728K, used 71883K [0x00000000c3000000, 0x00000000c7800000, 0x00000000ebb00000)
  object space 73728K, 97% used [0x00000000c3000000,0x00000000c7632ca8,0x00000000c7800000)
 Metaspace       used 18023K, capacity 18246K, committed 18560K, reserved 1064960K
  class space    used 2048K, capacity 2093K, committed 2176K, reserved 1048576K
}
Event: 28,708 GC heap before
{Heap before GC invocations=16 (full 2):
 PSYoungGen      total 178688K, used 11136K [0x00000000ebb00000, 0x00000000f7e80000, 0x0000000100000000)
  eden space 162304K, 0% used [0x00000000ebb00000,0x00000000ebb00000,0x00000000f5980000)
  from space 16384K, 67% used [0x00000000f6e80000,0x00000000f7960000,0x00000000f7e80000)
  to   space 18944K, 0% used [0x00000000f5980000,0x00000000f5980000,0x00000000f6c00000)
 ParOldGen       total 73728K, used 71883K [0x00000000c3000000, 0x00000000c7800000, 0x00000000ebb00000)
  object space 73728K, 97% used [0x00000000c3000000,0x00000000c7632ca8,0x00000000c7800000)
 Metaspace       used 18023K, capacity 18246K, committed 18560K, reserved 1064960K
  class space    used 2048K, capacity 2093K, committed 2176K, reserved 1048576K
Event: 29,217 GC heap after
Heap after GC invocations=16 (full 2):
 PSYoungGen      total 178688K, used 7986K [0x00000000ebb00000, 0x00000000f7e80000, 0x0000000100000000)
  eden space 162304K, 0% used [0x00000000ebb00000,0x00000000ebb00000,0x00000000f5980000)
  from space 16384K, 48% used [0x00000000f6e80000,0x00000000f764cb50,0x00000000f7e80000)
  to   space 18944K, 0% used [0x00000000f5980000,0x00000000f5980000,0x00000000f6c00000)
 ParOldGen       total 121344K, used 73272K [0x00000000c3000000, 0x00000000ca680000, 0x00000000ebb00000)
  object space 121344K, 60% used [0x00000000c3000000,0x00000000c778e3c8,0x00000000ca680000)
 Metaspace       used 18023K, capacity 18246K, committed 18560K, reserved 1064960K
  class space    used 2048K, capacity 2093K, committed 2176K, reserved 1048576K
}
Event: 39,281 GC heap before
{Heap before GC invocations=17 (full 2):
 PSYoungGen      total 178688K, used 170290K [0x00000000ebb00000, 0x00000000f7e80000, 0x0000000100000000)
  eden space 162304K, 100% used [0x00000000ebb00000,0x00000000f5980000,0x00000000f5980000)
  from space 16384K, 48% used [0x00000000f6e80000,0x00000000f764cb50,0x00000000f7e80000)
  to   space 18944K, 0% used [0x00000000f5980000,0x00000000f5980000,0x00000000f6c00000)
 ParOldGen       total 121344K, used 73272K [0x00000000c3000000, 0x00000000ca680000, 0x00000000ebb00000)
  object space 121344K, 60% used [0x00000000c3000000,0x00000000c778e3c8,0x00000000ca680000)
 Metaspace       used 18023K, capacity 18246K, committed 18560K, reserved 1064960K
  class space    used 2048K, capacity 2093K, committed 2176K, reserved 1048576K
Event: 39,412 GC heap after
Heap after GC invocations=17 (full 2):
 PSYoungGen      total 181248K, used 18936K [0x00000000ebb00000, 0x00000000fb380000, 0x0000000100000000)
  eden space 162304K, 0% used [0x00000000ebb00000,0x00000000ebb00000,0x00000000f5980000)
  from space 18944K, 99% used [0x00000000f5980000,0x00000000f6bfe1b8,0x00000000f6c00000)
  to   space 25088K, 0% used [0x00000000f9b00000,0x00000000f9b00000,0x00000000fb380000)
 ParOldGen       total 121344K, used 83640K [0x00000000c3000000, 0x00000000ca680000, 0x00000000ebb00000)
  object space 121344K, 68% used [0x00000000c3000000,0x00000000c81ae3d8,0x00000000ca680000)
 Metaspace       used 18023K, capacity 18246K, committed 18560K, reserved 1064960K
  class space    used 2048K, capacity 2093K, committed 2176K, reserved 1048576K
}
Event: 55,972 GC heap before
{Heap before GC invocations=18 (full 2):
 PSYoungGen      total 181248K, used 181240K [0x00000000ebb00000, 0x00000000fb380000, 0x0000000100000000)
  eden space 162304K, 100% used [0x00000000ebb00000,0x00000000f5980000,0x00000000f5980000)
  from space 18944K, 99% used [0x00000000f5980000,0x00000000f6bfe1b8,0x00000000f6c00000)
  to   space 25088K, 0% used [0x00000000f9b00000,0x00000000f9b00000,0x00000000fb380000)
 ParOldGen       total 121344K, used 83640K [0x00000000c3000000, 0x00000000ca680000, 0x00000000ebb00000)
  object space 121344K, 68% used [0x00000000c3000000,0x00000000c81ae3d8,0x00000000ca680000)
 Metaspace       used 18023K, capacity 18246K, committed 18560K, reserved 1064960K
  class space    used 2048K, capacity 2093K, committed 2176K, reserved 1048576K
Event: 56,073 GC heap after
Heap after GC invocations=18 (full 2):
 PSYoungGen      total 217088K, used 12224K [0x00000000ebb00000, 0x00000000fac00000, 0x0000000100000000)
  eden space 199680K, 0% used [0x00000000ebb00000,0x00000000ebb00000,0x00000000f7e00000)
  from space 17408K, 70% used [0x00000000f9b00000,0x00000000fa6f0000,0x00000000fac00000)
  to   space 23552K, 0% used [0x00000000f7e00000,0x00000000f7e00000,0x00000000f9500000)
 ParOldGen       total 121344K, used 102641K [0x00000000c3000000, 0x00000000ca680000, 0x00000000ebb00000)
  object space 121344K, 84% used [0x00000000c3000000,0x00000000c943c590,0x00000000ca680000)
 Metaspace       used 18023K, capacity 18246K, committed 18560K, reserved 1064960K
  class space    used 2048K, capacity 2093K, committed 2176K, reserved 1048576K
}
Event: 56,073 GC heap before
{Heap before GC invocations=19 (full 3):
 PSYoungGen      total 217088K, used 12224K [0x00000000ebb00000, 0x00000000fac00000, 0x0000000100000000)
  eden space 199680K, 0% used [0x00000000ebb00000,0x00000000ebb00000,0x00000000f7e00000)
  from space 17408K, 70% used [0x00000000f9b00000,0x00000000fa6f0000,0x00000000fac00000)
  to   space 23552K, 0% used [0x00000000f7e00000,0x00000000f7e00000,0x00000000f9500000)
 ParOldGen       total 121344K, used 102641K [0x00000000c3000000, 0x00000000ca680000, 0x00000000ebb00000)
  object space 121344K, 84% used [0x00000000c3000000,0x00000000c943c590,0x00000000ca680000)
 Metaspace       used 18023K, capacity 18246K, committed 18560K, reserved 1064960K
  class space    used 2048K, capacity 2093K, committed 2176K, reserved 1048576K

