# JRE version: Java(TM) SE Runtime Environment (8.0_66-b17) (build 1.8.0_66-b17)
# Java VM: Java HotSpot(TM) 64-Bit Server VM (25.66-b17 mixed mode linux-amd64 compressed oops)
Heap:
 PSYoungGen      total 114688K, used 5081K [0x00000000ebb00000, 0x00000000f9300000, 0x0000000100000000)
  eden space 70144K, 0% used [0x00000000ebb00000,0x00000000ebb00000,0x00000000eff80000)
  from space 44544K, 11% used [0x00000000f3e00000,0x00000000f42f6640,0x00000000f6980000)
  to   space 64000K, 0% used [0x00000000eff80000,0x00000000eff80000,0x00000000f3e00000)
 ParOldGen       total 122880K, used 122708K [0x00000000c3000000, 0x00000000ca800000, 0x00000000ebb00000)
  object space 122880K, 99% used [0x00000000c3000000,0x00000000ca7d5080,0x00000000ca800000)
 Metaspace       used 17625K, capacity 17792K, committed 18048K, reserved 1064960K
  class space    used 2049K, capacity 2092K, committed 2176K, reserved 1048576K
GC Heap History (10 events):
Event: 15,096 GC heap after
Heap after GC invocations=10 (full 1):
 PSYoungGen      total 74752K, used 27131K [0x00000000ebb00000, 0x00000000f4880000, 0x0000000100000000)
  eden space 47616K, 0% used [0x00000000ebb00000,0x00000000ebb00000,0x00000000ee980000)
  from space 27136K, 99% used [0x00000000ee980000,0x00000000f03fec80,0x00000000f0400000)
  to   space 36352K, 0% used [0x00000000f2500000,0x00000000f2500000,0x00000000f4880000)
 ParOldGen       total 65024K, used 44052K [0x00000000c3000000, 0x00000000c6f80000, 0x00000000ebb00000)
  object space 65024K, 67% used [0x00000000c3000000,0x00000000c5b05358,0x00000000c6f80000)
 Metaspace       used 17468K, capacity 17656K, committed 18048K, reserved 1064960K
  class space    used 2037K, capacity 2080K, committed 2176K, reserved 1048576K
}
Event: 15,526 GC heap before
{Heap before GC invocations=11 (full 1):
 PSYoungGen      total 74752K, used 74747K [0x00000000ebb00000, 0x00000000f4880000, 0x0000000100000000)
  eden space 47616K, 100% used [0x00000000ebb00000,0x00000000ee980000,0x00000000ee980000)
  from space 27136K, 99% used [0x00000000ee980000,0x00000000f03fec80,0x00000000f0400000)
  to   space 36352K, 0% used [0x00000000f2500000,0x00000000f2500000,0x00000000f4880000)
 ParOldGen       total 65024K, used 44052K [0x00000000c3000000, 0x00000000c6f80000, 0x00000000ebb00000)
  object space 65024K, 67% used [0x00000000c3000000,0x00000000c5b05358,0x00000000c6f80000)
 Metaspace       used 17469K, capacity 17656K, committed 18048K, reserved 1064960K
  class space    used 2038K, capacity 2080K, committed 2176K, reserved 1048576K
Event: 15,611 GC heap after
Heap after GC invocations=11 (full 1):
 PSYoungGen      total 104960K, used 30898K [0x00000000ebb00000, 0x00000000f5000000, 0x0000000100000000)
  eden space 68608K, 0% used [0x00000000ebb00000,0x00000000ebb00000,0x00000000efe00000)
  from space 36352K, 84% used [0x00000000f2500000,0x00000000f432c8a8,0x00000000f4880000)
  to   space 39936K, 0% used [0x00000000efe00000,0x00000000efe00000,0x00000000f2500000)
 ParOldGen       total 65024K, used 57540K [0x00000000c3000000, 0x00000000c6f80000, 0x00000000ebb00000)
  object space 65024K, 88% used [0x00000000c3000000,0x00000000c6831358,0x00000000c6f80000)
 Metaspace       used 17469K, capacity 17656K, committed 18048K, reserved 1064960K
  class space    used 2038K, capacity 2080K, committed 2176K, reserved 1048576K
}
Event: 15,611 GC heap before
{Heap before GC invocations=12 (full 2):
 PSYoungGen      total 104960K, used 30898K [0x00000000ebb00000, 0x00000000f5000000, 0x0000000100000000)
  eden space 68608K, 0% used [0x00000000ebb00000,0x00000000ebb00000,0x00000000efe00000)
  from space 36352K, 84% used [0x00000000f2500000,0x00000000f432c8a8,0x00000000f4880000)
  to   space 39936K, 0% used [0x00000000efe00000,0x00000000efe00000,0x00000000f2500000)
 ParOldGen       total 65024K, used 57540K [0x00000000c3000000, 0x00000000c6f80000, 0x00000000ebb00000)
  object space 65024K, 88% used [0x00000000c3000000,0x00000000c6831358,0x00000000c6f80000)
 Metaspace       used 17469K, capacity 17656K, committed 18048K, reserved 1064960K
  class space    used 2038K, capacity 2080K, committed 2176K, reserved 1048576K
Event: 16,420 GC heap after
Heap after GC invocations=12 (full 2):
 PSYoungGen      total 104960K, used 23077K [0x00000000ebb00000, 0x00000000f5000000, 0x0000000100000000)
  eden space 68608K, 0% used [0x00000000ebb00000,0x00000000ebb00000,0x00000000efe00000)
  from space 36352K, 63% used [0x00000000f2500000,0x00000000f3b89698,0x00000000f4880000)
  to   space 39936K, 0% used [0x00000000efe00000,0x00000000efe00000,0x00000000f2500000)
 ParOldGen       total 111616K, used 64857K [0x00000000c3000000, 0x00000000c9d00000, 0x00000000ebb00000)
  object space 111616K, 58% used [0x00000000c3000000,0x00000000c6f56650,0x00000000c9d00000)
 Metaspace       used 17469K, capacity 17656K, committed 18048K, reserved 1064960K
  class space    used 2038K, capacity 2080K, committed 2176K, reserved 1048576K
}
Event: 17,117 GC heap before
{Heap before GC invocations=13 (full 2):
 PSYoungGen      total 104960K, used 91685K [0x00000000ebb00000, 0x00000000f5000000, 0x0000000100000000)
  eden space 68608K, 100% used [0x00000000ebb00000,0x00000000efe00000,0x00000000efe00000)
  from space 36352K, 63% used [0x00000000f2500000,0x00000000f3b89698,0x00000000f4880000)
  to   space 39936K, 0% used [0x00000000efe00000,0x00000000efe00000,0x00000000f2500000)
 ParOldGen       total 111616K, used 64857K [0x00000000c3000000, 0x00000000c9d00000, 0x00000000ebb00000)
  object space 111616K, 58% used [0x00000000c3000000,0x00000000c6f56650,0x00000000c9d00000)
 Metaspace       used 17590K, capacity 17792K, committed 18048K, reserved 1064960K
  class space    used 2047K, capacity 2092K, committed 2176K, reserved 1048576K
Event: 17,270 GC heap after
Heap after GC invocations=13 (full 2):
 PSYoungGen      total 108544K, used 34111K [0x00000000ebb00000, 0x00000000f6980000, 0x0000000100000000)
  eden space 68608K, 0% used [0x00000000ebb00000,0x00000000ebb00000,0x00000000efe00000)
  from space 39936K, 85% used [0x00000000efe00000,0x00000000f1f4fd38,0x00000000f2500000)
  to   space 44544K, 0% used [0x00000000f3e00000,0x00000000f3e00000,0x00000000f6980000)
 ParOldGen       total 111616K, used 87772K [0x00000000c3000000, 0x00000000c9d00000, 0x00000000ebb00000)
  object space 111616K, 78% used [0x00000000c3000000,0x00000000c85b70e0,0x00000000c9d00000)
 Metaspace       used 17590K, capacity 17792K, committed 18048K, reserved 1064960K
  class space    used 2047K, capacity 2092K, committed 2176K, reserved 1048576K
}
Event: 18,040 GC heap before
{Heap before GC invocations=14 (full 2):
 PSYoungGen      total 108544K, used 102719K [0x00000000ebb00000, 0x00000000f6980000, 0x0000000100000000)
  eden space 68608K, 100% used [0x00000000ebb00000,0x00000000efe00000,0x00000000efe00000)
  from space 39936K, 85% used [0x00000000efe00000,0x00000000f1f4fd38,0x00000000f2500000)
  to   space 44544K, 0% used [0x00000000f3e00000,0x00000000f3e00000,0x00000000f6980000)
 ParOldGen       total 111616K, used 87772K [0x00000000c3000000, 0x00000000c9d00000, 0x00000000ebb00000)
  object space 111616K, 78% used [0x00000000c3000000,0x00000000c85b70e0,0x00000000c9d00000)
 Metaspace       used 17625K, capacity 17792K, committed 18048K, reserved 1064960K
  class space    used 2049K, capacity 2092K, committed 2176K, reserved 1048576K
Event: 18,325 GC heap after
Heap after GC invocations=14 (full 2):
 PSYoungGen      total 114688K, used 44512K [0x00000000ebb00000, 0x00000000f9300000, 0x0000000100000000)
  eden space 70144K, 0% used [0x00000000ebb00000,0x00000000ebb00000,0x00000000eff80000)
  from space 44544K, 99% used [0x00000000f3e00000,0x00000000f6978118,0x00000000f6980000)
  to   space 64000K, 0% used [0x00000000eff80000,0x00000000eff80000,0x00000000f3e00000)
 ParOldGen       total 122880K, used 121387K [0x00000000c3000000, 0x00000000ca800000, 0x00000000ebb00000)
  object space 122880K, 98% used [0x00000000c3000000,0x00000000ca68adf8,0x00000000ca800000)
 Metaspace       used 17625K, capacity 17792K, committed 18048K, reserved 1064960K
  class space    used 2049K, capacity 2092K, committed 2176K, reserved 1048576K
}
Event: 18,325 GC heap before
{Heap before GC invocations=15 (full 3):
 PSYoungGen      total 114688K, used 44512K [0x00000000ebb00000, 0x00000000f9300000, 0x0000000100000000)
  eden space 70144K, 0% used [0x00000000ebb00000,0x00000000ebb00000,0x00000000eff80000)
  from space 44544K, 99% used [0x00000000f3e00000,0x00000000f6978118,0x00000000f6980000)
  to   space 64000K, 0% used [0x00000000eff80000,0x00000000eff80000,0x00000000f3e00000)
 ParOldGen       total 122880K, used 121387K [0x00000000c3000000, 0x00000000ca800000, 0x00000000ebb00000)
  object space 122880K, 98% used [0x00000000c3000000,0x00000000ca68adf8,0x00000000ca800000)
 Metaspace       used 17625K, capacity 17792K, committed 18048K, reserved 1064960K
  class space    used 2049K, capacity 2092K, committed 2176K, reserved 1048576K

