# JRE version: Java(TM) SE Runtime Environment (8.0_66-b17) (build 1.8.0_66-b17)
# Java VM: Java HotSpot(TM) 64-Bit Server VM (25.66-b17 mixed mode linux-amd64 compressed oops)
Heap:
 PSYoungGen      total 155136K, used 39163K [0x00000000ebb00000, 0x00000000fc880000, 0x0000000100000000)
  eden space 44544K, 0% used [0x00000000ebb00000,0x00000000ebb00000,0x00000000ee680000)
  from space 110592K, 35% used [0x00000000ee680000,0x00000000f0cbefd0,0x00000000f5280000)
  to   space 110592K, 0% used [0x00000000f5c80000,0x00000000f5c80000,0x00000000fc880000)
 ParOldGen       total 201216K, used 201028K [0x00000000c3000000, 0x00000000cf480000, 0x00000000ebb00000)
  object space 201216K, 99% used [0x00000000c3000000,0x00000000cf4513e8,0x00000000cf480000)
 Metaspace       used 17313K, capacity 17450K, committed 17792K, reserved 1064960K
  class space    used 2026K, capacity 2051K, committed 2176K, reserved 1048576K
GC Heap History (10 events):
Event: 14,749 GC heap after
Heap after GC invocations=18 (full 3):
 PSYoungGen      total 115712K, used 63901K [0x00000000ebb00000, 0x00000000f9000000, 0x0000000100000000)
  eden space 39936K, 0% used [0x00000000ebb00000,0x00000000ebb00000,0x00000000ee200000)
  from space 75776K, 84% used [0x00000000ee200000,0x00000000f20676d0,0x00000000f2c00000)
  to   space 83456K, 0% used [0x00000000f3e80000,0x00000000f3e80000,0x00000000f9000000)
 ParOldGen       total 195072K, used 136694K [0x00000000c3000000, 0x00000000cee80000, 0x00000000ebb00000)
  object space 195072K, 70% used [0x00000000c3000000,0x00000000cb57da28,0x00000000cee80000)
 Metaspace       used 17121K, capacity 17262K, committed 17408K, reserved 1064960K
  class space    used 2011K, capacity 2041K, committed 2048K, reserved 1048576K
}
Event: 14,898 GC heap before
{Heap before GC invocations=19 (full 3):
 PSYoungGen      total 115712K, used 103837K [0x00000000ebb00000, 0x00000000f9000000, 0x0000000100000000)
  eden space 39936K, 100% used [0x00000000ebb00000,0x00000000ee200000,0x00000000ee200000)
  from space 75776K, 84% used [0x00000000ee200000,0x00000000f20676d0,0x00000000f2c00000)
  to   space 83456K, 0% used [0x00000000f3e80000,0x00000000f3e80000,0x00000000f9000000)
 ParOldGen       total 195072K, used 136694K [0x00000000c3000000, 0x00000000cee80000, 0x00000000ebb00000)
  object space 195072K, 70% used [0x00000000c3000000,0x00000000cb57da28,0x00000000cee80000)
 Metaspace       used 17121K, capacity 17262K, committed 17408K, reserved 1064960K
  class space    used 2011K, capacity 2041K, committed 2048K, reserved 1048576K
Event: 15,027 GC heap after
Heap after GC invocations=19 (full 3):
 PSYoungGen      total 121856K, used 82717K [0x00000000ebb00000, 0x00000000faa00000, 0x0000000100000000)
  eden space 38400K, 0% used [0x00000000ebb00000,0x00000000ebb00000,0x00000000ee080000)
  from space 83456K, 99% used [0x00000000f3e80000,0x00000000f8f476d0,0x00000000f9000000)
  to   space 96256K, 0% used [0x00000000ee080000,0x00000000ee080000,0x00000000f3e80000)
 ParOldGen       total 195072K, used 136694K [0x00000000c3000000, 0x00000000cee80000, 0x00000000ebb00000)
  object space 195072K, 70% used [0x00000000c3000000,0x00000000cb57da28,0x00000000cee80000)
 Metaspace       used 17121K, capacity 17262K, committed 17408K, reserved 1064960K
  class space    used 2011K, capacity 2041K, committed 2048K, reserved 1048576K
}
Event: 15,363 GC heap before
{Heap before GC invocations=20 (full 3):
 PSYoungGen      total 121856K, used 121117K [0x00000000ebb00000, 0x00000000faa00000, 0x0000000100000000)
  eden space 38400K, 100% used [0x00000000ebb00000,0x00000000ee080000,0x00000000ee080000)
  from space 83456K, 99% used [0x00000000f3e80000,0x00000000f8f476d0,0x00000000f9000000)
  to   space 96256K, 0% used [0x00000000ee080000,0x00000000ee080000,0x00000000f3e80000)
 ParOldGen       total 195072K, used 136694K [0x00000000c3000000, 0x00000000cee80000, 0x00000000ebb00000)
  object space 195072K, 70% used [0x00000000c3000000,0x00000000cb57da28,0x00000000cee80000)
 Metaspace       used 17313K, capacity 17450K, committed 17792K, reserved 1064960K
  class space    used 2026K, capacity 2051K, committed 2176K, reserved 1048576K
Event: 15,554 GC heap after
Heap after GC invocations=20 (full 3):
 PSYoungGen      total 134656K, used 89821K [0x00000000ebb00000, 0x00000000fbd00000, 0x0000000100000000)
  eden space 38400K, 0% used [0x00000000ebb00000,0x00000000ebb00000,0x00000000ee080000)
  from space 96256K, 93% used [0x00000000ee080000,0x00000000f38376f0,0x00000000f3e80000)
  to   space 109056K, 0% used [0x00000000f5280000,0x00000000f5280000,0x00000000fbd00000)
 ParOldGen       total 195072K, used 151678K [0x00000000c3000000, 0x00000000cee80000, 0x00000000ebb00000)
  object space 195072K, 77% used [0x00000000c3000000,0x00000000cc41fa28,0x00000000cee80000)
 Metaspace       used 17313K, capacity 17450K, committed 17792K, reserved 1064960K
  class space    used 2026K, capacity 2051K, committed 2176K, reserved 1048576K
}
Event: 15,766 GC heap before
{Heap before GC invocations=21 (full 3):
 PSYoungGen      total 134656K, used 128221K [0x00000000ebb00000, 0x00000000fbd00000, 0x0000000100000000)
  eden space 38400K, 100% used [0x00000000ebb00000,0x00000000ee080000,0x00000000ee080000)
  from space 96256K, 93% used [0x00000000ee080000,0x00000000f38376f0,0x00000000f3e80000)
  to   space 109056K, 0% used [0x00000000f5280000,0x00000000f5280000,0x00000000fbd00000)
 ParOldGen       total 195072K, used 151678K [0x00000000c3000000, 0x00000000cee80000, 0x00000000ebb00000)
  object space 195072K, 77% used [0x00000000c3000000,0x00000000cc41fa28,0x00000000cee80000)
 Metaspace       used 17313K, capacity 17450K, committed 17792K, reserved 1064960K
  class space    used 2026K, capacity 2051K, committed 2176K, reserved 1048576K
Event: 15,944 GC heap after
Heap after GC invocations=21 (full 3):
 PSYoungGen      total 153600K, used 109053K [0x00000000ebb00000, 0x00000000fc080000, 0x0000000100000000)
  eden space 44544K, 0% used [0x00000000ebb00000,0x00000000ebb00000,0x00000000ee680000)
  from space 109056K, 99% used [0x00000000f5280000,0x00000000fbcff6f0,0x00000000fbd00000)
  to   space 110592K, 0% used [0x00000000ee680000,0x00000000ee680000,0x00000000f5280000)
 ParOldGen       total 195072K, used 163590K [0x00000000c3000000, 0x00000000cee80000, 0x00000000ebb00000)
  object space 195072K, 83% used [0x00000000c3000000,0x00000000ccfc1a28,0x00000000cee80000)
 Metaspace       used 17313K, capacity 17450K, committed 17792K, reserved 1064960K
  class space    used 2026K, capacity 2051K, committed 2176K, reserved 1048576K
}
Event: 16,062 GC heap before
{Heap before GC invocations=22 (full 3):
 PSYoungGen      total 153600K, used 153597K [0x00000000ebb00000, 0x00000000fc080000, 0x0000000100000000)
  eden space 44544K, 100% used [0x00000000ebb00000,0x00000000ee680000,0x00000000ee680000)
  from space 109056K, 99% used [0x00000000f5280000,0x00000000fbcff6f0,0x00000000fbd00000)
  to   space 110592K, 0% used [0x00000000ee680000,0x00000000ee680000,0x00000000f5280000)
 ParOldGen       total 195072K, used 163590K [0x00000000c3000000, 0x00000000cee80000, 0x00000000ebb00000)
  object space 195072K, 83% used [0x00000000c3000000,0x00000000ccfc1a28,0x00000000cee80000)
 Metaspace       used 17313K, capacity 17450K, committed 17792K, reserved 1064960K
  class space    used 2026K, capacity 2051K, committed 2176K, reserved 1048576K
Event: 16,260 GC heap after
Heap after GC invocations=22 (full 3):
 PSYoungGen      total 155136K, used 107392K [0x00000000ebb00000, 0x00000000fc880000, 0x0000000100000000)
  eden space 44544K, 0% used [0x00000000ebb00000,0x00000000ebb00000,0x00000000ee680000)
  from space 110592K, 97% used [0x00000000ee680000,0x00000000f4f60020,0x00000000f5280000)
  to   space 110592K, 0% used [0x00000000f5c80000,0x00000000f5c80000,0x00000000fc880000)
 ParOldGen       total 201216K, used 201100K [0x00000000c3000000, 0x00000000cf480000, 0x00000000ebb00000)
  object space 201216K, 99% used [0x00000000c3000000,0x00000000cf4630f8,0x00000000cf480000)
 Metaspace       used 17313K, capacity 17450K, committed 17792K, reserved 1064960K
  class space    used 2026K, capacity 2051K, committed 2176K, reserved 1048576K
}
Event: 16,260 GC heap before
{Heap before GC invocations=23 (full 4):
 PSYoungGen      total 155136K, used 107392K [0x00000000ebb00000, 0x00000000fc880000, 0x0000000100000000)
  eden space 44544K, 0% used [0x00000000ebb00000,0x00000000ebb00000,0x00000000ee680000)
  from space 110592K, 97% used [0x00000000ee680000,0x00000000f4f60020,0x00000000f5280000)
  to   space 110592K, 0% used [0x00000000f5c80000,0x00000000f5c80000,0x00000000fc880000)
 ParOldGen       total 201216K, used 201100K [0x00000000c3000000, 0x00000000cf480000, 0x00000000ebb00000)
  object space 201216K, 99% used [0x00000000c3000000,0x00000000cf4630f8,0x00000000cf480000)
 Metaspace       used 17313K, capacity 17450K, committed 17792K, reserved 1064960K
  class space    used 2026K, capacity 2051K, committed 2176K, reserved 1048576K

