# JRE version: Java(TM) SE Runtime Environment (8.0_66-b17) (build 1.8.0_66-b17)
# Java VM: Java HotSpot(TM) 64-Bit Server VM (25.66-b17 mixed mode linux-amd64 compressed oops)
Heap:
 PSYoungGen      total 154112K, used 34091K [0x00000000ebb00000, 0x00000000fc700000, 0x0000000100000000)
  eden space 43520K, 0% used [0x00000000ebb00000,0x00000000ebb00000,0x00000000ee580000)
  from space 110592K, 30% used [0x00000000ee580000,0x00000000f06cad50,0x00000000f5180000)
  to   space 110592K, 0% used [0x00000000f5b00000,0x00000000f5b00000,0x00000000fc700000)
 ParOldGen       total 198656K, used 198506K [0x00000000c3000000, 0x00000000cf200000, 0x00000000ebb00000)
  object space 198656K, 99% used [0x00000000c3000000,0x00000000cf1da8f0,0x00000000cf200000)
 Metaspace       used 17270K, capacity 17386K, committed 17792K, reserved 1064960K
  class space    used 2025K, capacity 2051K, committed 2176K, reserved 1048576K
GC Heap History (10 events):
Event: 12,271 GC heap after
Heap after GC invocations=18 (full 3):
 PSYoungGen      total 116224K, used 64605K [0x00000000ebb00000, 0x00000000f9200000, 0x0000000100000000)
  eden space 38400K, 0% used [0x00000000ebb00000,0x00000000ebb00000,0x00000000ee080000)
  from space 77824K, 83% used [0x00000000ee080000,0x00000000f1f976d0,0x00000000f2c80000)
  to   space 85504K, 0% used [0x00000000f3e80000,0x00000000f3e80000,0x00000000f9200000)
 ParOldGen       total 190464K, used 133815K [0x00000000c3000000, 0x00000000cea00000, 0x00000000ebb00000)
  object space 190464K, 70% used [0x00000000c3000000,0x00000000cb2adc10,0x00000000cea00000)
 Metaspace       used 17075K, capacity 17198K, committed 17408K, reserved 1064960K
  class space    used 2010K, capacity 2041K, committed 2048K, reserved 1048576K
}
Event: 12,408 GC heap before
{Heap before GC invocations=19 (full 3):
 PSYoungGen      total 116224K, used 103005K [0x00000000ebb00000, 0x00000000f9200000, 0x0000000100000000)
  eden space 38400K, 100% used [0x00000000ebb00000,0x00000000ee080000,0x00000000ee080000)
  from space 77824K, 83% used [0x00000000ee080000,0x00000000f1f976d0,0x00000000f2c80000)
  to   space 85504K, 0% used [0x00000000f3e80000,0x00000000f3e80000,0x00000000f9200000)
 ParOldGen       total 190464K, used 133815K [0x00000000c3000000, 0x00000000cea00000, 0x00000000ebb00000)
  object space 190464K, 70% used [0x00000000c3000000,0x00000000cb2adc10,0x00000000cea00000)
 Metaspace       used 17075K, capacity 17198K, committed 17408K, reserved 1064960K
  class space    used 2010K, capacity 2041K, committed 2048K, reserved 1048576K
Event: 12,557 GC heap after
Heap after GC invocations=19 (full 3):
 PSYoungGen      total 122368K, used 82685K [0x00000000ebb00000, 0x00000000faa80000, 0x0000000100000000)
  eden space 36864K, 0% used [0x00000000ebb00000,0x00000000ebb00000,0x00000000edf00000)
  from space 85504K, 96% used [0x00000000f3e80000,0x00000000f8f3f6d0,0x00000000f9200000)
  to   space 97792K, 0% used [0x00000000edf00000,0x00000000edf00000,0x00000000f3e80000)
 ParOldGen       total 190464K, used 133815K [0x00000000c3000000, 0x00000000cea00000, 0x00000000ebb00000)
  object space 190464K, 70% used [0x00000000c3000000,0x00000000cb2adc10,0x00000000cea00000)
 Metaspace       used 17075K, capacity 17198K, committed 17408K, reserved 1064960K
  class space    used 2010K, capacity 2041K, committed 2048K, reserved 1048576K
}
Event: 12,905 GC heap before
{Heap before GC invocations=20 (full 3):
 PSYoungGen      total 122368K, used 119549K [0x00000000ebb00000, 0x00000000faa80000, 0x0000000100000000)
  eden space 36864K, 100% used [0x00000000ebb00000,0x00000000edf00000,0x00000000edf00000)
  from space 85504K, 96% used [0x00000000f3e80000,0x00000000f8f3f6d0,0x00000000f9200000)
  to   space 97792K, 0% used [0x00000000edf00000,0x00000000edf00000,0x00000000f3e80000)
 ParOldGen       total 190464K, used 133815K [0x00000000c3000000, 0x00000000cea00000, 0x00000000ebb00000)
  object space 190464K, 70% used [0x00000000c3000000,0x00000000cb2adc10,0x00000000cea00000)
 Metaspace       used 17270K, capacity 17386K, committed 17792K, reserved 1064960K
  class space    used 2025K, capacity 2051K, committed 2176K, reserved 1048576K
Event: 13,079 GC heap after
Heap after GC invocations=20 (full 3):
 PSYoungGen      total 134656K, used 88413K [0x00000000ebb00000, 0x00000000fbd00000, 0x0000000100000000)
  eden space 36864K, 0% used [0x00000000ebb00000,0x00000000ebb00000,0x00000000edf00000)
  from space 97792K, 90% used [0x00000000edf00000,0x00000000f35576f0,0x00000000f3e80000)
  to   space 110080K, 0% used [0x00000000f5180000,0x00000000f5180000,0x00000000fbd00000)
 ParOldGen       total 190464K, used 148663K [0x00000000c3000000, 0x00000000cea00000, 0x00000000ebb00000)
  object space 190464K, 78% used [0x00000000c3000000,0x00000000cc12dc10,0x00000000cea00000)
 Metaspace       used 17270K, capacity 17386K, committed 17792K, reserved 1064960K
  class space    used 2025K, capacity 2051K, committed 2176K, reserved 1048576K
}
Event: 13,267 GC heap before
{Heap before GC invocations=21 (full 3):
 PSYoungGen      total 134656K, used 125277K [0x00000000ebb00000, 0x00000000fbd00000, 0x0000000100000000)
  eden space 36864K, 100% used [0x00000000ebb00000,0x00000000edf00000,0x00000000edf00000)
  from space 97792K, 90% used [0x00000000edf00000,0x00000000f35576f0,0x00000000f3e80000)
  to   space 110080K, 0% used [0x00000000f5180000,0x00000000f5180000,0x00000000fbd00000)
 ParOldGen       total 190464K, used 148663K [0x00000000c3000000, 0x00000000cea00000, 0x00000000ebb00000)
  object space 190464K, 78% used [0x00000000c3000000,0x00000000cc12dc10,0x00000000cea00000)
 Metaspace       used 17270K, capacity 17386K, committed 17792K, reserved 1064960K
  class space    used 2025K, capacity 2051K, committed 2176K, reserved 1048576K
Event: 13,447 GC heap after
Heap after GC invocations=21 (full 3):
 PSYoungGen      total 153600K, used 103677K [0x00000000ebb00000, 0x00000000fbe80000, 0x0000000100000000)
  eden space 43520K, 0% used [0x00000000ebb00000,0x00000000ebb00000,0x00000000ee580000)
  from space 110080K, 94% used [0x00000000f5180000,0x00000000fb6bf6f0,0x00000000fbd00000)
  to   space 110592K, 0% used [0x00000000ee580000,0x00000000ee580000,0x00000000f5180000)
 ParOldGen       total 190464K, used 162295K [0x00000000c3000000, 0x00000000cea00000, 0x00000000ebb00000)
  object space 190464K, 85% used [0x00000000c3000000,0x00000000cce7dc10,0x00000000cea00000)
 Metaspace       used 17270K, capacity 17386K, committed 17792K, reserved 1064960K
  class space    used 2025K, capacity 2051K, committed 2176K, reserved 1048576K
}
Event: 13,566 GC heap before
{Heap before GC invocations=22 (full 3):
 PSYoungGen      total 153600K, used 147197K [0x00000000ebb00000, 0x00000000fbe80000, 0x0000000100000000)
  eden space 43520K, 100% used [0x00000000ebb00000,0x00000000ee580000,0x00000000ee580000)
  from space 110080K, 94% used [0x00000000f5180000,0x00000000fb6bf6f0,0x00000000fbd00000)
  to   space 110592K, 0% used [0x00000000ee580000,0x00000000ee580000,0x00000000f5180000)
 ParOldGen       total 190464K, used 162295K [0x00000000c3000000, 0x00000000cea00000, 0x00000000ebb00000)
  object space 190464K, 85% used [0x00000000c3000000,0x00000000cce7dc10,0x00000000cea00000)
 Metaspace       used 17270K, capacity 17386K, committed 17792K, reserved 1064960K
  class space    used 2025K, capacity 2051K, committed 2176K, reserved 1048576K
Event: 13,768 GC heap after
Heap after GC invocations=22 (full 3):
 PSYoungGen      total 154112K, used 102272K [0x00000000ebb00000, 0x00000000fc700000, 0x0000000100000000)
  eden space 43520K, 0% used [0x00000000ebb00000,0x00000000ebb00000,0x00000000ee580000)
  from space 110592K, 92% used [0x00000000ee580000,0x00000000f4960020,0x00000000f5180000)
  to   space 110592K, 0% used [0x00000000f5b00000,0x00000000f5b00000,0x00000000fc700000)
 ParOldGen       total 198656K, used 198588K [0x00000000c3000000, 0x00000000cf200000, 0x00000000ebb00000)
  object space 198656K, 99% used [0x00000000c3000000,0x00000000cf1ef2e0,0x00000000cf200000)
 Metaspace       used 17270K, capacity 17386K, committed 17792K, reserved 1064960K
  class space    used 2025K, capacity 2051K, committed 2176K, reserved 1048576K
}
Event: 13,768 GC heap before
{Heap before GC invocations=23 (full 4):
 PSYoungGen      total 154112K, used 102272K [0x00000000ebb00000, 0x00000000fc700000, 0x0000000100000000)
  eden space 43520K, 0% used [0x00000000ebb00000,0x00000000ebb00000,0x00000000ee580000)
  from space 110592K, 92% used [0x00000000ee580000,0x00000000f4960020,0x00000000f5180000)
  to   space 110592K, 0% used [0x00000000f5b00000,0x00000000f5b00000,0x00000000fc700000)
 ParOldGen       total 198656K, used 198588K [0x00000000c3000000, 0x00000000cf200000, 0x00000000ebb00000)
  object space 198656K, 99% used [0x00000000c3000000,0x00000000cf1ef2e0,0x00000000cf200000)
 Metaspace       used 17270K, capacity 17386K, committed 17792K, reserved 1064960K
  class space    used 2025K, capacity 2051K, committed 2176K, reserved 1048576K

