# JRE version: Java(TM) SE Runtime Environment (8.0_66-b17) (build 1.8.0_66-b17)
# Java VM: Java HotSpot(TM) 64-Bit Server VM (25.66-b17 mixed mode linux-amd64 compressed oops)
Heap:
 PSYoungGen      total 138752K, used 0K [0x00000000ebb00000, 0x00000000f8680000, 0x0000000100000000)
  eden space 85504K, 0% used [0x00000000ebb00000,0x00000000ebb00000,0x00000000f0e80000)
  from space 53248K, 0% used [0x00000000f0e80000,0x00000000f0e80000,0x00000000f4280000)
  to   space 52224K, 0% used [0x00000000f5380000,0x00000000f5380000,0x00000000f8680000)
 ParOldGen       total 160256K, used 150076K [0x00000000c3000000, 0x00000000ccc80000, 0x00000000ebb00000)
  object space 160256K, 93% used [0x00000000c3000000,0x00000000cc28f0e8,0x00000000ccc80000)
 Metaspace       used 17775K, capacity 17938K, committed 18048K, reserved 1064960K
  class space    used 2058K, capacity 2095K, committed 2176K, reserved 1048576K
GC Heap History (10 events):
Event: 17,125 GC heap after
Heap after GC invocations=12 (full 2):
 PSYoungGen      total 107008K, used 24018K [0x00000000ebb00000, 0x00000000f5400000, 0x0000000100000000)
  eden space 70656K, 0% used [0x00000000ebb00000,0x00000000ebb00000,0x00000000f0000000)
  from space 36352K, 66% used [0x00000000f2780000,0x00000000f3ef4ae8,0x00000000f4b00000)
  to   space 40448K, 0% used [0x00000000f0000000,0x00000000f0000000,0x00000000f2780000)
 ParOldGen       total 110592K, used 65267K [0x00000000c3000000, 0x00000000c9c00000, 0x00000000ebb00000)
  object space 110592K, 59% used [0x00000000c3000000,0x00000000c6fbcd98,0x00000000c9c00000)
 Metaspace       used 17455K, capacity 17656K, committed 18048K, reserved 1064960K
  class space    used 2038K, capacity 2080K, committed 2176K, reserved 1048576K
}
Event: 17,779 GC heap before
{Heap before GC invocations=13 (full 2):
 PSYoungGen      total 107008K, used 94674K [0x00000000ebb00000, 0x00000000f5400000, 0x0000000100000000)
  eden space 70656K, 100% used [0x00000000ebb00000,0x00000000f0000000,0x00000000f0000000)
  from space 36352K, 66% used [0x00000000f2780000,0x00000000f3ef4ae8,0x00000000f4b00000)
  to   space 40448K, 0% used [0x00000000f0000000,0x00000000f0000000,0x00000000f2780000)
 ParOldGen       total 110592K, used 65267K [0x00000000c3000000, 0x00000000c9c00000, 0x00000000ebb00000)
  object space 110592K, 59% used [0x00000000c3000000,0x00000000c6fbcd98,0x00000000c9c00000)
 Metaspace       used 17576K, capacity 17792K, committed 18048K, reserved 1064960K
  class space    used 2047K, capacity 2092K, committed 2176K, reserved 1048576K
Event: 17,897 GC heap after
Heap after GC invocations=13 (full 2):
 PSYoungGen      total 111104K, used 36223K [0x00000000ebb00000, 0x00000000f7200000, 0x0000000100000000)
  eden space 70656K, 0% used [0x00000000ebb00000,0x00000000ebb00000,0x00000000f0000000)
  from space 40448K, 89% used [0x00000000f0000000,0x00000000f235fd38,0x00000000f2780000)
  to   space 45568K, 0% used [0x00000000f4580000,0x00000000f4580000,0x00000000f7200000)
 ParOldGen       total 110592K, used 89126K [0x00000000c3000000, 0x00000000c9c00000, 0x00000000ebb00000)
  object space 110592K, 80% used [0x00000000c3000000,0x00000000c8709828,0x00000000c9c00000)
 Metaspace       used 17576K, capacity 17792K, committed 18048K, reserved 1064960K
  class space    used 2047K, capacity 2092K, committed 2176K, reserved 1048576K
}
Event: 17,897 GC heap before
{Heap before GC invocations=14 (full 3):
 PSYoungGen      total 111104K, used 36223K [0x00000000ebb00000, 0x00000000f7200000, 0x0000000100000000)
  eden space 70656K, 0% used [0x00000000ebb00000,0x00000000ebb00000,0x00000000f0000000)
  from space 40448K, 89% used [0x00000000f0000000,0x00000000f235fd38,0x00000000f2780000)
  to   space 45568K, 0% used [0x00000000f4580000,0x00000000f4580000,0x00000000f7200000)
 ParOldGen       total 110592K, used 89126K [0x00000000c3000000, 0x00000000c9c00000, 0x00000000ebb00000)
  object space 110592K, 80% used [0x00000000c3000000,0x00000000c8709828,0x00000000c9c00000)
 Metaspace       used 17576K, capacity 17792K, committed 18048K, reserved 1064960K
  class space    used 2047K, capacity 2092K, committed 2176K, reserved 1048576K
Event: 18,694 GC heap after
Heap after GC invocations=14 (full 3):
 PSYoungGen      total 111104K, used 0K [0x00000000ebb00000, 0x00000000f7200000, 0x0000000100000000)
  eden space 70656K, 0% used [0x00000000ebb00000,0x00000000ebb00000,0x00000000f0000000)
  from space 40448K, 0% used [0x00000000f0000000,0x00000000f0000000,0x00000000f2780000)
  to   space 45568K, 0% used [0x00000000f4580000,0x00000000f4580000,0x00000000f7200000)
 ParOldGen       total 160256K, used 99645K [0x00000000c3000000, 0x00000000ccc80000, 0x00000000ebb00000)
  object space 160256K, 62% used [0x00000000c3000000,0x00000000c914f6f0,0x00000000ccc80000)
 Metaspace       used 17576K, capacity 17792K, committed 18048K, reserved 1064960K
  class space    used 2047K, capacity 2092K, committed 2176K, reserved 1048576K
}
Event: 20,180 GC heap before
{Heap before GC invocations=15 (full 3):
 PSYoungGen      total 111104K, used 70656K [0x00000000ebb00000, 0x00000000f7200000, 0x0000000100000000)
  eden space 70656K, 100% used [0x00000000ebb00000,0x00000000f0000000,0x00000000f0000000)
  from space 40448K, 0% used [0x00000000f0000000,0x00000000f0000000,0x00000000f2780000)
  to   space 45568K, 0% used [0x00000000f4580000,0x00000000f4580000,0x00000000f7200000)
 ParOldGen       total 160256K, used 99645K [0x00000000c3000000, 0x00000000ccc80000, 0x00000000ebb00000)
  object space 160256K, 62% used [0x00000000c3000000,0x00000000c914f6f0,0x00000000ccc80000)
 Metaspace       used 17611K, capacity 17792K, committed 18048K, reserved 1064960K
  class space    used 2049K, capacity 2092K, committed 2176K, reserved 1048576K
Event: 20,343 GC heap after
Heap after GC invocations=15 (full 3):
 PSYoungGen      total 131072K, used 45559K [0x00000000ebb00000, 0x00000000f7680000, 0x0000000100000000)
  eden space 85504K, 0% used [0x00000000ebb00000,0x00000000ebb00000,0x00000000f0e80000)
  from space 45568K, 99% used [0x00000000f4580000,0x00000000f71fdca8,0x00000000f7200000)
  to   space 53248K, 0% used [0x00000000f0e80000,0x00000000f0e80000,0x00000000f4280000)
 ParOldGen       total 160256K, used 100069K [0x00000000c3000000, 0x00000000ccc80000, 0x00000000ebb00000)
  object space 160256K, 62% used [0x00000000c3000000,0x00000000c91b96f0,0x00000000ccc80000)
 Metaspace       used 17611K, capacity 17792K, committed 18048K, reserved 1064960K
  class space    used 2049K, capacity 2092K, committed 2176K, reserved 1048576K
}
Event: 21,255 GC heap before
{Heap before GC invocations=16 (full 3):
 PSYoungGen      total 131072K, used 131063K [0x00000000ebb00000, 0x00000000f7680000, 0x0000000100000000)
  eden space 85504K, 100% used [0x00000000ebb00000,0x00000000f0e80000,0x00000000f0e80000)
  from space 45568K, 99% used [0x00000000f4580000,0x00000000f71fdca8,0x00000000f7200000)
  to   space 53248K, 0% used [0x00000000f0e80000,0x00000000f0e80000,0x00000000f4280000)
 ParOldGen       total 160256K, used 100069K [0x00000000c3000000, 0x00000000ccc80000, 0x00000000ebb00000)
  object space 160256K, 62% used [0x00000000c3000000,0x00000000c91b96f0,0x00000000ccc80000)
 Metaspace       used 17775K, capacity 17938K, committed 18048K, reserved 1064960K
  class space    used 2058K, capacity 2095K, committed 2176K, reserved 1048576K
Event: 21,394 GC heap after
Heap after GC invocations=16 (full 3):
 PSYoungGen      total 138752K, used 26693K [0x00000000ebb00000, 0x00000000f8680000, 0x0000000100000000)
  eden space 85504K, 0% used [0x00000000ebb00000,0x00000000ebb00000,0x00000000f0e80000)
  from space 53248K, 50% used [0x00000000f0e80000,0x00000000f2891440,0x00000000f4280000)
  to   space 52224K, 0% used [0x00000000f5380000,0x00000000f5380000,0x00000000f8680000)
 ParOldGen       total 160256K, used 139101K [0x00000000c3000000, 0x00000000ccc80000, 0x00000000ebb00000)
  object space 160256K, 86% used [0x00000000c3000000,0x00000000cb7d7710,0x00000000ccc80000)
 Metaspace       used 17775K, capacity 17938K, committed 18048K, reserved 1064960K
  class space    used 2058K, capacity 2095K, committed 2176K, reserved 1048576K
}
Event: 21,394 GC heap before
{Heap before GC invocations=17 (full 4):
 PSYoungGen      total 138752K, used 26693K [0x00000000ebb00000, 0x00000000f8680000, 0x0000000100000000)
  eden space 85504K, 0% used [0x00000000ebb00000,0x00000000ebb00000,0x00000000f0e80000)
  from space 53248K, 50% used [0x00000000f0e80000,0x00000000f2891440,0x00000000f4280000)
  to   space 52224K, 0% used [0x00000000f5380000,0x00000000f5380000,0x00000000f8680000)
 ParOldGen       total 160256K, used 139101K [0x00000000c3000000, 0x00000000ccc80000, 0x00000000ebb00000)
  object space 160256K, 86% used [0x00000000c3000000,0x00000000cb7d7710,0x00000000ccc80000)
 Metaspace       used 17775K, capacity 17938K, committed 18048K, reserved 1064960K
  class space    used 2058K, capacity 2095K, committed 2176K, reserved 1048576K

