# JRE version: Java(TM) SE Runtime Environment (8.0_66-b17) (build 1.8.0_66-b17)
# Java VM: Java HotSpot(TM) 64-Bit Server VM (25.66-b17 mixed mode linux-amd64 compressed oops)
Heap:
 PSYoungGen      total 192512K, used 63249K [0x00000000ebb00000, 0x0000000100000000, 0x0000000100000000)
  eden space 114688K, 0% used [0x00000000ebb00000,0x00000000ebb00000,0x00000000f2b00000)
  from space 77824K, 81% used [0x00000000f2b00000,0x00000000f68c45e0,0x00000000f7700000)
  to   space 109568K, 0% used [0x00000000f9500000,0x00000000f9500000,0x0000000100000000)
 ParOldGen       total 206848K, used 206582K [0x00000000c3000000, 0x00000000cfa00000, 0x00000000ebb00000)
  object space 206848K, 99% used [0x00000000c3000000,0x00000000cf9bd888,0x00000000cfa00000)
 Metaspace       used 17871K, capacity 18054K, committed 18304K, reserved 1064960K
  class space    used 2042K, capacity 2093K, committed 2176K, reserved 1048576K
GC Heap History (10 events):
Event: 109,089 GC heap after
Heap after GC invocations=40 (full 3):
 PSYoungGen      total 215040K, used 67584K [0x00000000ebb00000, 0x00000000ff900000, 0x0000000100000000)
  eden space 109568K, 0% used [0x00000000ebb00000,0x00000000ebb00000,0x00000000f2600000)
  from space 105472K, 64% used [0x00000000f2600000,0x00000000f6800020,0x00000000f8d00000)
  to   space 104448K, 0% used [0x00000000f9300000,0x00000000f9300000,0x00000000ff900000)
 ParOldGen       total 206848K, used 182310K [0x00000000c3000000, 0x00000000cfa00000, 0x00000000ebb00000)
  object space 206848K, 88% used [0x00000000c3000000,0x00000000ce2099e0,0x00000000cfa00000)
 Metaspace       used 17871K, capacity 18054K, committed 18304K, reserved 1064960K
  class space    used 2042K, capacity 2093K, committed 2176K, reserved 1048576K
}
Event: 112,473 GC heap before
{Heap before GC invocations=41 (full 3):
 PSYoungGen      total 215040K, used 177152K [0x00000000ebb00000, 0x00000000ff900000, 0x0000000100000000)
  eden space 109568K, 100% used [0x00000000ebb00000,0x00000000f2600000,0x00000000f2600000)
  from space 105472K, 64% used [0x00000000f2600000,0x00000000f6800020,0x00000000f8d00000)
  to   space 104448K, 0% used [0x00000000f9300000,0x00000000f9300000,0x00000000ff900000)
 ParOldGen       total 206848K, used 182310K [0x00000000c3000000, 0x00000000cfa00000, 0x00000000ebb00000)
  object space 206848K, 88% used [0x00000000c3000000,0x00000000ce2099e0,0x00000000cfa00000)
 Metaspace       used 17871K, capacity 18054K, committed 18304K, reserved 1064960K
  class space    used 2042K, capacity 2093K, committed 2176K, reserved 1048576K
Event: 112,616 GC heap after
Heap after GC invocations=41 (full 3):
 PSYoungGen      total 220160K, used 72800K [0x00000000ebb00000, 0x00000000ffb00000, 0x0000000100000000)
  eden space 115712K, 0% used [0x00000000ebb00000,0x00000000ebb00000,0x00000000f2c00000)
  from space 104448K, 69% used [0x00000000f9300000,0x00000000fda18020,0x00000000ff900000)
  to   space 105472K, 0% used [0x00000000f2c00000,0x00000000f2c00000,0x00000000f9300000)
 ParOldGen       total 206848K, used 182310K [0x00000000c3000000, 0x00000000cfa00000, 0x00000000ebb00000)
  object space 206848K, 88% used [0x00000000c3000000,0x00000000ce2099e0,0x00000000cfa00000)
 Metaspace       used 17871K, capacity 18054K, committed 18304K, reserved 1064960K
  class space    used 2042K, capacity 2093K, committed 2176K, reserved 1048576K
}
Event: 116,403 GC heap before
{Heap before GC invocations=42 (full 3):
 PSYoungGen      total 220160K, used 188512K [0x00000000ebb00000, 0x00000000ffb00000, 0x0000000100000000)
  eden space 115712K, 100% used [0x00000000ebb00000,0x00000000f2c00000,0x00000000f2c00000)
  from space 104448K, 69% used [0x00000000f9300000,0x00000000fda18020,0x00000000ff900000)
  to   space 105472K, 0% used [0x00000000f2c00000,0x00000000f2c00000,0x00000000f9300000)
 ParOldGen       total 206848K, used 182310K [0x00000000c3000000, 0x00000000cfa00000, 0x00000000ebb00000)
  object space 206848K, 88% used [0x00000000c3000000,0x00000000ce2099e0,0x00000000cfa00000)
 Metaspace       used 17871K, capacity 18054K, committed 18304K, reserved 1064960K
  class space    used 2042K, capacity 2093K, committed 2176K, reserved 1048576K
Event: 116,546 GC heap after
Heap after GC invocations=42 (full 3):
 PSYoungGen      total 221184K, used 78176K [0x00000000ebb00000, 0x0000000100000000, 0x0000000100000000)
  eden space 115712K, 0% used [0x00000000ebb00000,0x00000000ebb00000,0x00000000f2c00000)
  from space 105472K, 74% used [0x00000000f2c00000,0x00000000f7858020,0x00000000f9300000)
  to   space 107520K, 0% used [0x00000000f9700000,0x00000000f9700000,0x0000000100000000)
 ParOldGen       total 206848K, used 182310K [0x00000000c3000000, 0x00000000cfa00000, 0x00000000ebb00000)
  object space 206848K, 88% used [0x00000000c3000000,0x00000000ce2099e0,0x00000000cfa00000)
 Metaspace       used 17871K, capacity 18054K, committed 18304K, reserved 1064960K
  class space    used 2042K, capacity 2093K, committed 2176K, reserved 1048576K
}
Event: 120,714 GC heap before
{Heap before GC invocations=43 (full 3):
 PSYoungGen      total 221184K, used 193888K [0x00000000ebb00000, 0x0000000100000000, 0x0000000100000000)
  eden space 115712K, 100% used [0x00000000ebb00000,0x00000000f2c00000,0x00000000f2c00000)
  from space 105472K, 74% used [0x00000000f2c00000,0x00000000f7858020,0x00000000f9300000)
  to   space 107520K, 0% used [0x00000000f9700000,0x00000000f9700000,0x0000000100000000)
 ParOldGen       total 206848K, used 182310K [0x00000000c3000000, 0x00000000cfa00000, 0x00000000ebb00000)
  object space 206848K, 88% used [0x00000000c3000000,0x00000000ce2099e0,0x00000000cfa00000)
 Metaspace       used 17871K, capacity 18054K, committed 18304K, reserved 1064960K
  class space    used 2042K, capacity 2093K, committed 2176K, reserved 1048576K
Event: 120,901 GC heap after
Heap after GC invocations=43 (full 3):
 PSYoungGen      total 222208K, used 77952K [0x00000000ebb00000, 0x0000000100000000, 0x0000000100000000)
  eden space 114688K, 0% used [0x00000000ebb00000,0x00000000ebb00000,0x00000000f2b00000)
  from space 107520K, 72% used [0x00000000f9700000,0x00000000fe320020,0x0000000100000000)
  to   space 109056K, 0% used [0x00000000f2b00000,0x00000000f2b00000,0x00000000f9580000)
 ParOldGen       total 206848K, used 187982K [0x00000000c3000000, 0x00000000cfa00000, 0x00000000ebb00000)
  object space 206848K, 90% used [0x00000000c3000000,0x00000000ce7939e0,0x00000000cfa00000)
 Metaspace       used 17871K, capacity 18054K, committed 18304K, reserved 1064960K
  class space    used 2042K, capacity 2093K, committed 2176K, reserved 1048576K
}
Event: 126,887 GC heap before
{Heap before GC invocations=44 (full 3):
 PSYoungGen      total 222208K, used 192640K [0x00000000ebb00000, 0x0000000100000000, 0x0000000100000000)
  eden space 114688K, 100% used [0x00000000ebb00000,0x00000000f2b00000,0x00000000f2b00000)
  from space 107520K, 72% used [0x00000000f9700000,0x00000000fe320020,0x0000000100000000)
  to   space 109056K, 0% used [0x00000000f2b00000,0x00000000f2b00000,0x00000000f9580000)
 ParOldGen       total 206848K, used 187982K [0x00000000c3000000, 0x00000000cfa00000, 0x00000000ebb00000)
  object space 206848K, 90% used [0x00000000c3000000,0x00000000ce7939e0,0x00000000cfa00000)
 Metaspace       used 17871K, capacity 18054K, committed 18304K, reserved 1064960K
  class space    used 2042K, capacity 2093K, committed 2176K, reserved 1048576K
Event: 127,078 GC heap after
Heap after GC invocations=44 (full 3):
 PSYoungGen      total 192512K, used 77728K [0x00000000ebb00000, 0x0000000100000000, 0x0000000100000000)
  eden space 114688K, 0% used [0x00000000ebb00000,0x00000000ebb00000,0x00000000f2b00000)
  from space 77824K, 99% used [0x00000000f2b00000,0x00000000f76e8020,0x00000000f7700000)
  to   space 109568K, 0% used [0x00000000f9500000,0x00000000f9500000,0x0000000100000000)
 ParOldGen       total 206848K, used 193646K [0x00000000c3000000, 0x00000000cfa00000, 0x00000000ebb00000)
  object space 206848K, 93% used [0x00000000c3000000,0x00000000ced1b9e0,0x00000000cfa00000)
 Metaspace       used 17871K, capacity 18054K, committed 18304K, reserved 1064960K
  class space    used 2042K, capacity 2093K, committed 2176K, reserved 1048576K
}
Event: 127,078 GC heap before
{Heap before GC invocations=45 (full 4):
 PSYoungGen      total 192512K, used 77728K [0x00000000ebb00000, 0x0000000100000000, 0x0000000100000000)
  eden space 114688K, 0% used [0x00000000ebb00000,0x00000000ebb00000,0x00000000f2b00000)
  from space 77824K, 99% used [0x00000000f2b00000,0x00000000f76e8020,0x00000000f7700000)
  to   space 109568K, 0% used [0x00000000f9500000,0x00000000f9500000,0x0000000100000000)
 ParOldGen       total 206848K, used 193646K [0x00000000c3000000, 0x00000000cfa00000, 0x00000000ebb00000)
  object space 206848K, 93% used [0x00000000c3000000,0x00000000ced1b9e0,0x00000000cfa00000)
 Metaspace       used 17871K, capacity 18054K, committed 18304K, reserved 1064960K
  class space    used 2042K, capacity 2093K, committed 2176K, reserved 1048576K

