# JRE version: Java(TM) SE Runtime Environment (8.0_66-b17) (build 1.8.0_66-b17)
# Java VM: Java HotSpot(TM) 64-Bit Server VM (25.66-b17 mixed mode linux-amd64 compressed oops)
Heap:
 PSYoungGen      total 173568K, used 105469K [0x00000000ebb00000, 0x00000000fd100000, 0x0000000100000000)
  eden space 63488K, 0% used [0x00000000ebb00000,0x00000000ebb00000,0x00000000ef900000)
  from space 110080K, 95% used [0x00000000f6580000,0x00000000fcc7f5b0,0x00000000fd100000)
  to   space 110592K, 0% used [0x00000000ef900000,0x00000000ef900000,0x00000000f6500000)
 ParOldGen       total 266752K, used 260275K [0x00000000c3000000, 0x00000000d3480000, 0x00000000ebb00000)
  object space 266752K, 97% used [0x00000000c3000000,0x00000000d2e2cce8,0x00000000d3480000)
 Metaspace       used 16872K, capacity 17058K, committed 17152K, reserved 1064960K
  class space    used 2000K, capacity 2039K, committed 2048K, reserved 1048576K
GC Heap History (10 events):
Event: 39,506 GC heap after
Heap after GC invocations=14 (full 3):
 PSYoungGen      total 118784K, used 75756K [0x00000000ebb00000, 0x00000000fb200000, 0x0000000100000000)
  eden space 43008K, 0% used [0x00000000ebb00000,0x00000000ebb00000,0x00000000ee500000)
  from space 75776K, 99% used [0x00000000ee500000,0x00000000f2efb010,0x00000000f2f00000)
  to   space 99328K, 0% used [0x00000000f5100000,0x00000000f5100000,0x00000000fb200000)
 ParOldGen       total 181760K, used 149616K [0x00000000c3000000, 0x00000000ce180000, 0x00000000ebb00000)
  object space 181760K, 82% used [0x00000000c3000000,0x00000000cc21c2c0,0x00000000ce180000)
 Metaspace       used 16872K, capacity 17058K, committed 17152K, reserved 1064960K
  class space    used 2000K, capacity 2039K, committed 2048K, reserved 1048576K
}
Event: 39,506 GC heap before
{Heap before GC invocations=15 (full 4):
 PSYoungGen      total 118784K, used 75756K [0x00000000ebb00000, 0x00000000fb200000, 0x0000000100000000)
  eden space 43008K, 0% used [0x00000000ebb00000,0x00000000ebb00000,0x00000000ee500000)
  from space 75776K, 99% used [0x00000000ee500000,0x00000000f2efb010,0x00000000f2f00000)
  to   space 99328K, 0% used [0x00000000f5100000,0x00000000f5100000,0x00000000fb200000)
 ParOldGen       total 181760K, used 149616K [0x00000000c3000000, 0x00000000ce180000, 0x00000000ebb00000)
  object space 181760K, 82% used [0x00000000c3000000,0x00000000cc21c2c0,0x00000000ce180000)
 Metaspace       used 16872K, capacity 17058K, committed 17152K, reserved 1064960K
  class space    used 2000K, capacity 2039K, committed 2048K, reserved 1048576K
Event: 40,909 GC heap after
Heap after GC invocations=15 (full 4):
 PSYoungGen      total 118784K, used 40394K [0x00000000ebb00000, 0x00000000fb200000, 0x0000000100000000)
  eden space 43008K, 0% used [0x00000000ebb00000,0x00000000ebb00000,0x00000000ee500000)
  from space 75776K, 53% used [0x00000000ee500000,0x00000000f0c72bb8,0x00000000f2f00000)
  to   space 99328K, 0% used [0x00000000f5100000,0x00000000f5100000,0x00000000fb200000)
 ParOldGen       total 266752K, used 181621K [0x00000000c3000000, 0x00000000d3480000, 0x00000000ebb00000)
  object space 266752K, 68% used [0x00000000c3000000,0x00000000ce15d658,0x00000000d3480000)
 Metaspace       used 16872K, capacity 17058K, committed 17152K, reserved 1064960K
  class space    used 2000K, capacity 2039K, committed 2048K, reserved 1048576K
}
Event: 41,062 GC heap before
{Heap before GC invocations=16 (full 4):
 PSYoungGen      total 118784K, used 83402K [0x00000000ebb00000, 0x00000000fb200000, 0x0000000100000000)
  eden space 43008K, 100% used [0x00000000ebb00000,0x00000000ee500000,0x00000000ee500000)
  from space 75776K, 53% used [0x00000000ee500000,0x00000000f0c72bb8,0x00000000f2f00000)
  to   space 99328K, 0% used [0x00000000f5100000,0x00000000f5100000,0x00000000fb200000)
 ParOldGen       total 266752K, used 181621K [0x00000000c3000000, 0x00000000d3480000, 0x00000000ebb00000)
  object space 266752K, 68% used [0x00000000c3000000,0x00000000ce15d658,0x00000000d3480000)
 Metaspace       used 16872K, capacity 17058K, committed 17152K, reserved 1064960K
  class space    used 2000K, capacity 2039K, committed 2048K, reserved 1048576K
Event: 41,297 GC heap after
Heap after GC invocations=16 (full 4):
 PSYoungGen      total 151552K, used 53760K [0x00000000ebb00000, 0x00000000fb180000, 0x0000000100000000)
  eden space 52736K, 0% used [0x00000000ebb00000,0x00000000ebb00000,0x00000000eee80000)
  from space 98816K, 54% used [0x00000000f5100000,0x00000000f8580000,0x00000000fb180000)
  to   space 99840K, 0% used [0x00000000eee80000,0x00000000eee80000,0x00000000f5000000)
 ParOldGen       total 266752K, used 211485K [0x00000000c3000000, 0x00000000d3480000, 0x00000000ebb00000)
  object space 266752K, 79% used [0x00000000c3000000,0x00000000cfe87658,0x00000000d3480000)
 Metaspace       used 16872K, capacity 17058K, committed 17152K, reserved 1064960K
  class space    used 2000K, capacity 2039K, committed 2048K, reserved 1048576K
}
Event: 41,715 GC heap before
{Heap before GC invocations=17 (full 4):
 PSYoungGen      total 151552K, used 106496K [0x00000000ebb00000, 0x00000000fb180000, 0x0000000100000000)
  eden space 52736K, 100% used [0x00000000ebb00000,0x00000000eee80000,0x00000000eee80000)
  from space 98816K, 54% used [0x00000000f5100000,0x00000000f8580000,0x00000000fb180000)
  to   space 99840K, 0% used [0x00000000eee80000,0x00000000eee80000,0x00000000f5000000)
 ParOldGen       total 266752K, used 211485K [0x00000000c3000000, 0x00000000d3480000, 0x00000000ebb00000)
  object space 266752K, 79% used [0x00000000c3000000,0x00000000cfe87658,0x00000000d3480000)
 Metaspace       used 16872K, capacity 17058K, committed 17152K, reserved 1064960K
  class space    used 2000K, capacity 2039K, committed 2048K, reserved 1048576K
Event: 41,843 GC heap after
Heap after GC invocations=17 (full 4):
 PSYoungGen      total 152576K, used 99826K [0x00000000ebb00000, 0x00000000fd180000, 0x0000000100000000)
  eden space 52736K, 0% used [0x00000000ebb00000,0x00000000ebb00000,0x00000000eee80000)
  from space 99840K, 99% used [0x00000000eee80000,0x00000000f4ffc808,0x00000000f5000000)
  to   space 110592K, 0% used [0x00000000f6580000,0x00000000f6580000,0x00000000fd180000)
 ParOldGen       total 266752K, used 218149K [0x00000000c3000000, 0x00000000d3480000, 0x00000000ebb00000)
  object space 266752K, 81% used [0x00000000c3000000,0x00000000d0509658,0x00000000d3480000)
 Metaspace       used 16872K, capacity 17058K, committed 17152K, reserved 1064960K
  class space    used 2000K, capacity 2039K, committed 2048K, reserved 1048576K
}
Event: 42,739 GC heap before
{Heap before GC invocations=18 (full 4):
 PSYoungGen      total 152576K, used 152562K [0x00000000ebb00000, 0x00000000fd180000, 0x0000000100000000)
  eden space 52736K, 100% used [0x00000000ebb00000,0x00000000eee80000,0x00000000eee80000)
  from space 99840K, 99% used [0x00000000eee80000,0x00000000f4ffc808,0x00000000f5000000)
  to   space 110592K, 0% used [0x00000000f6580000,0x00000000f6580000,0x00000000fd180000)
 ParOldGen       total 266752K, used 218149K [0x00000000c3000000, 0x00000000d3480000, 0x00000000ebb00000)
  object space 266752K, 81% used [0x00000000c3000000,0x00000000d0509658,0x00000000d3480000)
 Metaspace       used 16872K, capacity 17058K, committed 17152K, reserved 1064960K
  class space    used 2000K, capacity 2039K, committed 2048K, reserved 1048576K
Event: 42,962 GC heap after
Heap after GC invocations=18 (full 4):
 PSYoungGen      total 173568K, used 105586K [0x00000000ebb00000, 0x00000000fd100000, 0x0000000100000000)
  eden space 63488K, 0% used [0x00000000ebb00000,0x00000000ebb00000,0x00000000ef900000)
  from space 110080K, 95% used [0x00000000f6580000,0x00000000fcc9c808,0x00000000fd100000)
  to   space 110592K, 0% used [0x00000000ef900000,0x00000000ef900000,0x00000000f6500000)
 ParOldGen       total 266752K, used 265333K [0x00000000c3000000, 0x00000000d3480000, 0x00000000ebb00000)
  object space 266752K, 99% used [0x00000000c3000000,0x00000000d331d658,0x00000000d3480000)
 Metaspace       used 16872K, capacity 17058K, committed 17152K, reserved 1064960K
  class space    used 2000K, capacity 2039K, committed 2048K, reserved 1048576K
}
Event: 42,962 GC heap before
{Heap before GC invocations=19 (full 5):
 PSYoungGen      total 173568K, used 105586K [0x00000000ebb00000, 0x00000000fd100000, 0x0000000100000000)
  eden space 63488K, 0% used [0x00000000ebb00000,0x00000000ebb00000,0x00000000ef900000)
  from space 110080K, 95% used [0x00000000f6580000,0x00000000fcc9c808,0x00000000fd100000)
  to   space 110592K, 0% used [0x00000000ef900000,0x00000000ef900000,0x00000000f6500000)
 ParOldGen       total 266752K, used 265333K [0x00000000c3000000, 0x00000000d3480000, 0x00000000ebb00000)
  object space 266752K, 99% used [0x00000000c3000000,0x00000000d331d658,0x00000000d3480000)
 Metaspace       used 16872K, capacity 17058K, committed 17152K, reserved 1064960K
  class space    used 2000K, capacity 2039K, committed 2048K, reserved 1048576K

