# JRE version: Java(TM) SE Runtime Environment (8.0_66-b17) (build 1.8.0_66-b17)
# Java VM: Java HotSpot(TM) 64-Bit Server VM (25.66-b17 mixed mode linux-amd64 compressed oops)
Heap:
 PSYoungGen      total 222208K, used 0K [0x00000000ebb00000, 0x0000000100000000, 0x0000000100000000)
  eden space 111616K, 0% used [0x00000000ebb00000,0x00000000ebb00000,0x00000000f2800000)
  from space 110592K, 0% used [0x00000000f9400000,0x00000000f9400000,0x0000000100000000)
  to   space 110592K, 0% used [0x00000000f2800000,0x00000000f2800000,0x00000000f9400000)
 ParOldGen       total 422912K, used 398277K [0x00000000c3000000, 0x00000000dcd00000, 0x00000000ebb00000)
  object space 422912K, 94% used [0x00000000c3000000,0x00000000db4f16b8,0x00000000dcd00000)
 Metaspace       used 18041K, capacity 18278K, committed 18560K, reserved 1064960K
  class space    used 2058K, capacity 2125K, committed 2176K, reserved 1048576K
GC Heap History (10 events):
Event: 77,886 GC heap after
Heap after GC invocations=35 (full 5):
 PSYoungGen      total 222208K, used 21280K [0x00000000ebb00000, 0x0000000100000000, 0x0000000100000000)
  eden space 111616K, 0% used [0x00000000ebb00000,0x00000000ebb00000,0x00000000f2800000)
  from space 110592K, 19% used [0x00000000f9400000,0x00000000fa8c8000,0x0000000100000000)
  to   space 110592K, 0% used [0x00000000f2800000,0x00000000f2800000,0x00000000f9400000)
 ParOldGen       total 422912K, used 337950K [0x00000000c3000000, 0x00000000dcd00000, 0x00000000ebb00000)
  object space 422912K, 79% used [0x00000000c3000000,0x00000000d7a07820,0x00000000dcd00000)
 Metaspace       used 18041K, capacity 18278K, committed 18560K, reserved 1064960K
  class space    used 2058K, capacity 2125K, committed 2176K, reserved 1048576K
}
Event: 79,783 GC heap before
{Heap before GC invocations=36 (full 5):
 PSYoungGen      total 222208K, used 132896K [0x00000000ebb00000, 0x0000000100000000, 0x0000000100000000)
  eden space 111616K, 100% used [0x00000000ebb00000,0x00000000f2800000,0x00000000f2800000)
  from space 110592K, 19% used [0x00000000f9400000,0x00000000fa8c8000,0x0000000100000000)
  to   space 110592K, 0% used [0x00000000f2800000,0x00000000f2800000,0x00000000f9400000)
 ParOldGen       total 422912K, used 337950K [0x00000000c3000000, 0x00000000dcd00000, 0x00000000ebb00000)
  object space 422912K, 79% used [0x00000000c3000000,0x00000000d7a07820,0x00000000dcd00000)
 Metaspace       used 18041K, capacity 18278K, committed 18560K, reserved 1064960K
  class space    used 2058K, capacity 2125K, committed 2176K, reserved 1048576K
Event: 79,877 GC heap after
Heap after GC invocations=36 (full 5):
 PSYoungGen      total 222208K, used 25024K [0x00000000ebb00000, 0x0000000100000000, 0x0000000100000000)
  eden space 111616K, 0% used [0x00000000ebb00000,0x00000000ebb00000,0x00000000f2800000)
  from space 110592K, 22% used [0x00000000f2800000,0x00000000f4070000,0x00000000f9400000)
  to   space 110592K, 0% used [0x00000000f9400000,0x00000000f9400000,0x0000000100000000)
 ParOldGen       total 422912K, used 344046K [0x00000000c3000000, 0x00000000dcd00000, 0x00000000ebb00000)
  object space 422912K, 81% used [0x00000000c3000000,0x00000000d7ffb820,0x00000000dcd00000)
 Metaspace       used 18041K, capacity 18278K, committed 18560K, reserved 1064960K
  class space    used 2058K, capacity 2125K, committed 2176K, reserved 1048576K
}
Event: 81,694 GC heap before
{Heap before GC invocations=37 (full 5):
 PSYoungGen      total 222208K, used 136640K [0x00000000ebb00000, 0x0000000100000000, 0x0000000100000000)
  eden space 111616K, 100% used [0x00000000ebb00000,0x00000000f2800000,0x00000000f2800000)
  from space 110592K, 22% used [0x00000000f2800000,0x00000000f4070000,0x00000000f9400000)
  to   space 110592K, 0% used [0x00000000f9400000,0x00000000f9400000,0x0000000100000000)
 ParOldGen       total 422912K, used 344046K [0x00000000c3000000, 0x00000000dcd00000, 0x00000000ebb00000)
  object space 422912K, 81% used [0x00000000c3000000,0x00000000d7ffb820,0x00000000dcd00000)
 Metaspace       used 18041K, capacity 18278K, committed 18560K, reserved 1064960K
  class space    used 2058K, capacity 2125K, committed 2176K, reserved 1048576K
Event: 81,789 GC heap after
Heap after GC invocations=37 (full 5):
 PSYoungGen      total 222208K, used 29440K [0x00000000ebb00000, 0x0000000100000000, 0x0000000100000000)
  eden space 111616K, 0% used [0x00000000ebb00000,0x00000000ebb00000,0x00000000f2800000)
  from space 110592K, 26% used [0x00000000f9400000,0x00000000fb0c0000,0x0000000100000000)
  to   space 110592K, 0% used [0x00000000f2800000,0x00000000f2800000,0x00000000f9400000)
 ParOldGen       total 422912K, used 349486K [0x00000000c3000000, 0x00000000dcd00000, 0x00000000ebb00000)
  object space 422912K, 82% used [0x00000000c3000000,0x00000000d854b820,0x00000000dcd00000)
 Metaspace       used 18041K, capacity 18278K, committed 18560K, reserved 1064960K
  class space    used 2058K, capacity 2125K, committed 2176K, reserved 1048576K
}
Event: 83,928 GC heap before
{Heap before GC invocations=38 (full 5):
 PSYoungGen      total 222208K, used 141056K [0x00000000ebb00000, 0x0000000100000000, 0x0000000100000000)
  eden space 111616K, 100% used [0x00000000ebb00000,0x00000000f2800000,0x00000000f2800000)
  from space 110592K, 26% used [0x00000000f9400000,0x00000000fb0c0000,0x0000000100000000)
  to   space 110592K, 0% used [0x00000000f2800000,0x00000000f2800000,0x00000000f9400000)
 ParOldGen       total 422912K, used 349486K [0x00000000c3000000, 0x00000000dcd00000, 0x00000000ebb00000)
  object space 422912K, 82% used [0x00000000c3000000,0x00000000d854b820,0x00000000dcd00000)
 Metaspace       used 18041K, capacity 18278K, committed 18560K, reserved 1064960K
  class space    used 2058K, capacity 2125K, committed 2176K, reserved 1048576K
Event: 84,037 GC heap after
Heap after GC invocations=38 (full 5):
 PSYoungGen      total 222208K, used 19712K [0x00000000ebb00000, 0x0000000100000000, 0x0000000100000000)
  eden space 111616K, 0% used [0x00000000ebb00000,0x00000000ebb00000,0x00000000f2800000)
  from space 110592K, 17% used [0x00000000f2800000,0x00000000f3b40000,0x00000000f9400000)
  to   space 110592K, 0% used [0x00000000f9400000,0x00000000f9400000,0x0000000100000000)
 ParOldGen       total 422912K, used 369086K [0x00000000c3000000, 0x00000000dcd00000, 0x00000000ebb00000)
  object space 422912K, 87% used [0x00000000c3000000,0x00000000d986f820,0x00000000dcd00000)
 Metaspace       used 18041K, capacity 18278K, committed 18560K, reserved 1064960K
  class space    used 2058K, capacity 2125K, committed 2176K, reserved 1048576K
}
Event: 85,920 GC heap before
{Heap before GC invocations=39 (full 5):
 PSYoungGen      total 222208K, used 131328K [0x00000000ebb00000, 0x0000000100000000, 0x0000000100000000)
  eden space 111616K, 100% used [0x00000000ebb00000,0x00000000f2800000,0x00000000f2800000)
  from space 110592K, 17% used [0x00000000f2800000,0x00000000f3b40000,0x00000000f9400000)
  to   space 110592K, 0% used [0x00000000f9400000,0x00000000f9400000,0x0000000100000000)
 ParOldGen       total 422912K, used 369086K [0x00000000c3000000, 0x00000000dcd00000, 0x00000000ebb00000)
  object space 422912K, 87% used [0x00000000c3000000,0x00000000d986f820,0x00000000dcd00000)
 Metaspace       used 18041K, capacity 18278K, committed 18560K, reserved 1064960K
  class space    used 2058K, capacity 2125K, committed 2176K, reserved 1048576K
Event: 86,020 GC heap after
Heap after GC invocations=39 (full 5):
 PSYoungGen      total 222208K, used 9856K [0x00000000ebb00000, 0x0000000100000000, 0x0000000100000000)
  eden space 111616K, 0% used [0x00000000ebb00000,0x00000000ebb00000,0x00000000f2800000)
  from space 110592K, 8% used [0x00000000f9400000,0x00000000f9da0000,0x0000000100000000)
  to   space 110592K, 0% used [0x00000000f2800000,0x00000000f2800000,0x00000000f9400000)
 ParOldGen       total 422912K, used 388814K [0x00000000c3000000, 0x00000000dcd00000, 0x00000000ebb00000)
  object space 422912K, 91% used [0x00000000c3000000,0x00000000dabb3820,0x00000000dcd00000)
 Metaspace       used 18041K, capacity 18278K, committed 18560K, reserved 1064960K
  class space    used 2058K, capacity 2125K, committed 2176K, reserved 1048576K
}
Event: 86,020 GC heap before
{Heap before GC invocations=40 (full 6):
 PSYoungGen      total 222208K, used 9856K [0x00000000ebb00000, 0x0000000100000000, 0x0000000100000000)
  eden space 111616K, 0% used [0x00000000ebb00000,0x00000000ebb00000,0x00000000f2800000)
  from space 110592K, 8% used [0x00000000f9400000,0x00000000f9da0000,0x0000000100000000)
  to   space 110592K, 0% used [0x00000000f2800000,0x00000000f2800000,0x00000000f9400000)
 ParOldGen       total 422912K, used 388814K [0x00000000c3000000, 0x00000000dcd00000, 0x00000000ebb00000)
  object space 422912K, 91% used [0x00000000c3000000,0x00000000dabb3820,0x00000000dcd00000)
 Metaspace       used 18041K, capacity 18278K, committed 18560K, reserved 1064960K
  class space    used 2058K, capacity 2125K, committed 2176K, reserved 1048576K

