# JRE version: Java(TM) SE Runtime Environment (8.0_66-b17) (build 1.8.0_66-b17)
# Java VM: Java HotSpot(TM) 64-Bit Server VM (25.66-b17 mixed mode linux-amd64 compressed oops)
Heap:
 PSYoungGen      total 216064K, used 19859K [0x00000000ebb00000, 0x00000000ffb80000, 0x0000000100000000)
  eden space 107008K, 0% used [0x00000000ebb00000,0x00000000ebb00000,0x00000000f2380000)
  from space 109056K, 18% used [0x00000000f9100000,0x00000000fa464f90,0x00000000ffb80000)
  to   space 110592K, 0% used [0x00000000f2380000,0x00000000f2380000,0x00000000f8f80000)
 ParOldGen       total 191488K, used 191234K [0x00000000c3000000, 0x00000000ceb00000, 0x00000000ebb00000)
  object space 191488K, 99% used [0x00000000c3000000,0x00000000ceac0bf0,0x00000000ceb00000)
 Metaspace       used 17855K, capacity 18054K, committed 18304K, reserved 1064960K
  class space    used 2044K, capacity 2093K, committed 2176K, reserved 1048576K
GC Heap History (10 events):
Event: 78,573 GC heap after
Heap after GC invocations=25 (full 2):
 PSYoungGen      total 199168K, used 83819K [0x00000000ebb00000, 0x00000000ff480000, 0x0000000100000000)
  eden space 88576K, 0% used [0x00000000ebb00000,0x00000000ebb00000,0x00000000f1180000)
  from space 110592K, 75% used [0x00000000f1180000,0x00000000f635ae88,0x00000000f7d80000)
  to   space 110592K, 0% used [0x00000000f8880000,0x00000000f8880000,0x00000000ff480000)
 ParOldGen       total 125440K, used 102449K [0x00000000c3000000, 0x00000000caa80000, 0x00000000ebb00000)
  object space 125440K, 81% used [0x00000000c3000000,0x00000000c940c780,0x00000000caa80000)
 Metaspace       used 17855K, capacity 18054K, committed 18304K, reserved 1064960K
  class space    used 2044K, capacity 2093K, committed 2176K, reserved 1048576K
}
Event: 84,906 GC heap before
{Heap before GC invocations=26 (full 2):
 PSYoungGen      total 199168K, used 172395K [0x00000000ebb00000, 0x00000000ff480000, 0x0000000100000000)
  eden space 88576K, 100% used [0x00000000ebb00000,0x00000000f1180000,0x00000000f1180000)
  from space 110592K, 75% used [0x00000000f1180000,0x00000000f635ae88,0x00000000f7d80000)
  to   space 110592K, 0% used [0x00000000f8880000,0x00000000f8880000,0x00000000ff480000)
 ParOldGen       total 125440K, used 102449K [0x00000000c3000000, 0x00000000caa80000, 0x00000000ebb00000)
  object space 125440K, 81% used [0x00000000c3000000,0x00000000c940c780,0x00000000caa80000)
 Metaspace       used 17855K, capacity 18054K, committed 18304K, reserved 1064960K
  class space    used 2044K, capacity 2093K, committed 2176K, reserved 1048576K
Event: 85,086 GC heap after
Heap after GC invocations=26 (full 2):
 PSYoungGen      total 209408K, used 83947K [0x00000000ebb00000, 0x00000000ff400000, 0x0000000100000000)
  eden space 99328K, 0% used [0x00000000ebb00000,0x00000000ebb00000,0x00000000f1c00000)
  from space 110080K, 76% used [0x00000000f8880000,0x00000000fda7ae88,0x00000000ff400000)
  to   space 110592K, 0% used [0x00000000f1c00000,0x00000000f1c00000,0x00000000f8800000)
 ParOldGen       total 125440K, used 110321K [0x00000000c3000000, 0x00000000caa80000, 0x00000000ebb00000)
  object space 125440K, 87% used [0x00000000c3000000,0x00000000c9bbc780,0x00000000caa80000)
 Metaspace       used 17855K, capacity 18054K, committed 18304K, reserved 1064960K
  class space    used 2044K, capacity 2093K, committed 2176K, reserved 1048576K
}
Event: 85,086 GC heap before
{Heap before GC invocations=27 (full 3):
 PSYoungGen      total 209408K, used 83947K [0x00000000ebb00000, 0x00000000ff400000, 0x0000000100000000)
  eden space 99328K, 0% used [0x00000000ebb00000,0x00000000ebb00000,0x00000000f1c00000)
  from space 110080K, 76% used [0x00000000f8880000,0x00000000fda7ae88,0x00000000ff400000)
  to   space 110592K, 0% used [0x00000000f1c00000,0x00000000f1c00000,0x00000000f8800000)
 ParOldGen       total 125440K, used 110321K [0x00000000c3000000, 0x00000000caa80000, 0x00000000ebb00000)
  object space 125440K, 87% used [0x00000000c3000000,0x00000000c9bbc780,0x00000000caa80000)
 Metaspace       used 17855K, capacity 18054K, committed 18304K, reserved 1064960K
  class space    used 2044K, capacity 2093K, committed 2176K, reserved 1048576K
Event: 86,173 GC heap after
Heap after GC invocations=27 (full 3):
 PSYoungGen      total 209408K, used 66934K [0x00000000ebb00000, 0x00000000ff400000, 0x0000000100000000)
  eden space 99328K, 0% used [0x00000000ebb00000,0x00000000ebb00000,0x00000000f1c00000)
  from space 110080K, 60% used [0x00000000f8880000,0x00000000fc9ddba8,0x00000000ff400000)
  to   space 110592K, 0% used [0x00000000f1c00000,0x00000000f1c00000,0x00000000f8800000)
 ParOldGen       total 191488K, used 125232K [0x00000000c3000000, 0x00000000ceb00000, 0x00000000ebb00000)
  object space 191488K, 65% used [0x00000000c3000000,0x00000000caa4c260,0x00000000ceb00000)
 Metaspace       used 17855K, capacity 18054K, committed 18304K, reserved 1064960K
  class space    used 2044K, capacity 2093K, committed 2176K, reserved 1048576K
}
Event: 126,562 GC heap before
{Heap before GC invocations=28 (full 3):
 PSYoungGen      total 209408K, used 166262K [0x00000000ebb00000, 0x00000000ff400000, 0x0000000100000000)
  eden space 99328K, 100% used [0x00000000ebb00000,0x00000000f1c00000,0x00000000f1c00000)
  from space 110080K, 60% used [0x00000000f8880000,0x00000000fc9ddba8,0x00000000ff400000)
  to   space 110592K, 0% used [0x00000000f1c00000,0x00000000f1c00000,0x00000000f8800000)
 ParOldGen       total 191488K, used 125232K [0x00000000c3000000, 0x00000000ceb00000, 0x00000000ebb00000)
  object space 191488K, 65% used [0x00000000c3000000,0x00000000caa4c260,0x00000000ceb00000)
 Metaspace       used 17855K, capacity 18054K, committed 18304K, reserved 1064960K
  class space    used 2044K, capacity 2093K, committed 2176K, reserved 1048576K
Event: 126,756 GC heap after
Heap after GC invocations=28 (full 3):
 PSYoungGen      total 209920K, used 51712K [0x00000000ebb00000, 0x00000000ffd00000, 0x0000000100000000)
  eden space 99328K, 0% used [0x00000000ebb00000,0x00000000ebb00000,0x00000000f1c00000)
  from space 110592K, 46% used [0x00000000f1c00000,0x00000000f4e80040,0x00000000f8800000)
  to   space 110592K, 0% used [0x00000000f9100000,0x00000000f9100000,0x00000000ffd00000)
 ParOldGen       total 191488K, used 154420K [0x00000000c3000000, 0x00000000ceb00000, 0x00000000ebb00000)
  object space 191488K, 80% used [0x00000000c3000000,0x00000000cc6cd0c8,0x00000000ceb00000)
 Metaspace       used 17855K, capacity 18054K, committed 18304K, reserved 1064960K
  class space    used 2044K, capacity 2093K, committed 2176K, reserved 1048576K
}
Event: 203,481 GC heap before
{Heap before GC invocations=29 (full 3):
 PSYoungGen      total 209920K, used 151040K [0x00000000ebb00000, 0x00000000ffd00000, 0x0000000100000000)
  eden space 99328K, 100% used [0x00000000ebb00000,0x00000000f1c00000,0x00000000f1c00000)
  from space 110592K, 46% used [0x00000000f1c00000,0x00000000f4e80040,0x00000000f8800000)
  to   space 110592K, 0% used [0x00000000f9100000,0x00000000f9100000,0x00000000ffd00000)
 ParOldGen       total 191488K, used 154420K [0x00000000c3000000, 0x00000000ceb00000, 0x00000000ebb00000)
  object space 191488K, 80% used [0x00000000c3000000,0x00000000cc6cd0c8,0x00000000ceb00000)
 Metaspace       used 17855K, capacity 18054K, committed 18304K, reserved 1064960K
  class space    used 2044K, capacity 2093K, committed 2176K, reserved 1048576K
Event: 203,629 GC heap after
Heap after GC invocations=29 (full 3):
 PSYoungGen      total 216064K, used 44512K [0x00000000ebb00000, 0x00000000ffb80000, 0x0000000100000000)
  eden space 107008K, 0% used [0x00000000ebb00000,0x00000000ebb00000,0x00000000f2380000)
  from space 109056K, 40% used [0x00000000f9100000,0x00000000fbc78040,0x00000000ffb80000)
  to   space 110592K, 0% used [0x00000000f2380000,0x00000000f2380000,0x00000000f8f80000)
 ParOldGen       total 191488K, used 166868K [0x00000000c3000000, 0x00000000ceb00000, 0x00000000ebb00000)
  object space 191488K, 87% used [0x00000000c3000000,0x00000000cd2f50c8,0x00000000ceb00000)
 Metaspace       used 17855K, capacity 18054K, committed 18304K, reserved 1064960K
  class space    used 2044K, capacity 2093K, committed 2176K, reserved 1048576K
}
Event: 203,629 GC heap before
{Heap before GC invocations=30 (full 4):
 PSYoungGen      total 216064K, used 44512K [0x00000000ebb00000, 0x00000000ffb80000, 0x0000000100000000)
  eden space 107008K, 0% used [0x00000000ebb00000,0x00000000ebb00000,0x00000000f2380000)
  from space 109056K, 40% used [0x00000000f9100000,0x00000000fbc78040,0x00000000ffb80000)
  to   space 110592K, 0% used [0x00000000f2380000,0x00000000f2380000,0x00000000f8f80000)
 ParOldGen       total 191488K, used 166868K [0x00000000c3000000, 0x00000000ceb00000, 0x00000000ebb00000)
  object space 191488K, 87% used [0x00000000c3000000,0x00000000cd2f50c8,0x00000000ceb00000)
 Metaspace       used 17855K, capacity 18054K, committed 18304K, reserved 1064960K
  class space    used 2044K, capacity 2093K, committed 2176K, reserved 1048576K

